3 0 151 230
2 1 196
3 2 184 232
4 3 102 218 293
3 4 127 258
3 5 122 242
4 6 131 235 295
4 7 105 188 282
2 8 161
3 9 136 262
2 10 233
2 11 263
3 12 195 268
3 13 129 223
3 14 116 206
3 15 163 291
2 16 204
5 17 128 192 255 287
3 18 167 277
3 19 159 216
2 20 181
3 21 141 296
4 22 140 253 276
4 23 179 280 294
3 24 101 194
3 25 193 248
3 26 114 267
3 27 126 298
3 28 174 236
4 29 137 210 290
3 30 106 237
3 31 148 245
3 32 182 256
2 33 252
3 34 133 250
4 35 115 160 254
3 36 165 219
3 37 166 257
3 38 150 220
3 39 142 208
2 40 162
3 41 175 299
2 42 229
3 43 173 246
4 44 109 144 198
3 45 104 260
3 46 169 202
3 47 199 270
2 48 207
2 49 228
2 50 170
3 51 119 215
4 52 130 172 212
2 53 152
2 54 203
3 55 111 200
3 56 117 247
2 57 185
4 58 110 189 249
3 59 155 231
3 60 121 265
4 61 107 190 274
3 62 134 238
2 63 201
3 64 113 213
3 65 154 244
4 66 103 209 285
3 67 138 269
3 68 176 297
3 69 143 217
3 70 153 240
3 71 145 259
4 72 123 211 266
2 73 177
3 74 171 241
3 75 157 273
3 76 149 286
4 77 147 222 239
3 78 125 205
3 79 168 275
3 80 187 271
3 81 178 261
3 82 118 197
3 83 225 292
4 84 139 251 289
3 85 183 227
3 86 120 243
4 87 158 234 281
3 88 191 278
2 89 224
3 90 132 221
3 91 124 226
3 92 146 288
4 93 100 112 279
3 94 186 264
3 95 135 272
2 96 214
3 97 180 284
3 98 164 283
3 99 108 156
