22 0 722 1395 1571 1763 2449 2791 2932 3242 3479 3646 3806 4097 4423 4822 5097 5469 5853 5935 6176 6540 6941
12 1 1056 1665 1862 2027 2350 2729 3041 3336 3492 4004 4471
11 2 594 1230 1590 1964 2256 2420 2734 2869 3227 3647
11 3 719 2388 3834 4084 4492 5305 5614 5822 5989 6126
18 4 473 888 1252 1759 2173 2671 2897 3115 3243 3468 3951 4076 4336 4666 5093 5306 5573
13 5 550 1148 1622 2081 2300 2742 3207 4710 6087 6534 6704 6852
22 6 546 981 1253 1684 1955 2208 2382 2789 2984 3477 3690 4019 4384 4652 4871 5111 5390 5595 5840 6116 6636
20 7 513 915 1255 1609 1841 2019 2369 2475 2894 3168 3689 4253 4605 4825 5107 5431 5851 6256 6676
16 8 454 1220 1514 1785 3031 4285 4600 4874 5083 5470 5888 6002 6277 6476 6792
17 9 417 577 938 1384 1773 2343 3005 3400 3657 3871 4012 4487 4729 4808 5222 5716
12 10 598 803 1097 1482 1641 1976 2284 2758 4574 6525 6766
19 11 536 753 986 1288 1380 1722 2135 2385 2844 3344 3642 3856 4207 4589 4846 5264 5537 5843
21 12 616 934 1169 1407 1653 1764 2062 2358 2620 3869 4989 5190 5504 5673 5915 6030 6050 6140 6311 6637
21 13 601 985 1607 1792 2013 2310 2705 2852 3322 3586 3882 4082 4375 4975 5178 5570 6001 6181 6485 6768
8 14 576 1287 1565 1855 4234 6516 6848
20 15 530 864 1670 2312 2682 2983 3493 3908 4055 4241 4621 4970 5092 5329 5632 5956 6130 6313 6581
20 16 543 842 948 1368 1796 1894 2311 2740 3153 3307 3495 3595 3933 4101 4245 4501 4773 5281 6201
5 17 563 2373 4045 4320
17 18 868 1064 1494 1666 2326 2655 2871 3072 3430 4092 4414 4643 4774 5245 5995 6535
18 19 401 718 1032 1411 2269 2686 3435 3669 4114 4668 5015 5210 5473 5658 6058 6259 6681
14 20 418 866 1267 1691 1911 2117 2277 2616 2951 4366 5908 6301 6707
13 21 819 1231 1664 2084 2387 2563 2666 2939 4662 6486 6601 6839
17 22 574 858 1096 1412 1853 2092 2486 3843 4634 4792 4906 5155 5612 6147 6385 6672
14 23 1838 3212 3343 3652 3835 4235 4548 5019 5417 5802 6262 6621 7012
21 24 637 818 1042 1614 1825 1989 2322 2497 2672 2947 3276 3587 3848 4401 4727 5248 5880 6270 6455 6662
17 25 1139 1369 1814 2240 2665 2929 3166 3656 4085 4236 4560 4888 5125 5364 5566 5680
12 26 721 1085 1477 1901 2015 3296 4810 5491 6044 6243 6617
19 27 660 884 1495 1733 1934 2178 2549 3122 3416 3745 3958 4166 4430 4667 4948 6089 6711 7018
14 28 489 996 1341 1885 2247 2673 3047 3259 3638 4835 6322 6783 7026
16 29 524 973 1264 1589 1824 2217 2507 3002 3223 3572 3797 4205 4919 5208 5562
23 30 443 681 876 1400 1896 2121 2451 2953 3294 3641 3859 4131 4369 4618 4783 4877 5260 5563 5871 6289 6571 6809
19 31 898 1636 1970 2424 2762 3040 3239 3389 3938 4266 4436 4824 5280 5475 5930 6202 6489 6772
10 32 657 1135 3387 5660 6156 6440 6532 6726 6930
20 33 913 1149 1515 2021 2523 2877 3087 3257 3717 4134 4486 4657 5069 5361 5610 5901 6158 6596 7067
21 34 455 907 1383 1669 1836 2165 2425 2706 3234 3609 4057 4356 4655 5027 5313 5773 6026 6237 6417 6863
19 35 945 1333 1837 2162 2590 2962 3205 3508 4267 4590 4946 5108 5435 5732 6141 6656 6861 7039
22 36 488 1171 1492 1909 2230 2554 2670 3080 3303 3557 4044 4231 4601 4798 4943 5166 5592 5764 6216 6397 7022
23 37 699 900 1297 1735 2008 2285 2738 2880 3069 3186 3601 3821 4091 4460 4653 4965 5501 5824 6092 6254 6459 6729
20 38 549 1340 1751 2191 2879 3385 3573 3804 3983 4199 4353 4723 4894 5055 5272 5774 5967 6153 6447
20 39 679 1272 1599 1969 2287 2679 2889 3267 3519 3962 4473 4639 4955 5106 5492 5877 6367 6641 6916
15 40 879 1503 1861 2205 2558 2792 3006 3541 3739 4228 5012 5436 5770 5984
5 41 636 1344 3302 4868
19 42 749 1205 1435 1864 2239 2535 2785 3059 3272 4033 4591 4813 5008 5528 5693 6102 6466 6849
18 43 840 1198 1377 1786 2204 2638 2934 3165 3451 3737 4141 4387 4833 5035 5221 5667 5919
22 44 423 618 808 1124 1540 1979 2306 2744 3107 3366 3715 3996 4428 4581 4772 5156 5464 5675 5844 6197 6685
10 45 582 1065 1442 2074 2659 2944 3643 4536 4829
22 46 715 931 1235 1605 1915 2246 2586 2893 3383 3660 3884 4098 4360 4561 5043 5218 5515 5721 6180 6589 6906
9 47 871 1576 1818 2166 2770 2938 3011 3321
19 48 980 1186 1721 2251 2617 2972 3283 3629 4038 4244 4575 4847 4971 5440 5747 6189 6594 6937
6 49 476 2825 5074 5325 5975
17 50 696 1143 2252 3316 3359 3772 4064 4162 4543 4745 4994 5472 5719 5994 6434 6630
19 51 644 959 1232 1449 1674 1941 2220 2494 2922 3190 3462 3621 3883 4201 4329 5665 6797 6981
20 52 450 949 1165 1457 1753 2109 2320 2650 3033 3180 3574 3790 4216 4397 4599 5080 5633 6059 6411
14 53 413 579 1055 1352 1575 1866 2297 3723 5295 5819 6231 6651 6826
23 54 464 1046 1629 2018 2404 2576 2841 2966 3299 3536 4145 4338 4545 4613 4865 5257 5607 5855 6219 6368 6619 6866
16 55 731 1122 1237 1700 1986 2315 2721 3209 3569 3815 4025 4388 4645 4875 5254
11 56 460 711 1014 1591 1956 3360 4702 4993 5147 5572
14 57 620 1090 1414 1743 2040 2227 2526 2683 2959 3315 3927 4221 4646
19 58 642 894 1603 1949 2754 3036 3473 3624 4096 4458 4658 4987 5256 5353 5526 5820 6244 6623
9 59 580 1159 3333 5402 5638 6146 6493 6810
16 60 542 872 2363 3607 3876 4095 4488 4738 4999 5214 5487 5671 6035 6546 6716
19 61 639 960 1184 1578 1991 2406 2737 3081 3478 3990 4448 4680 4922 5081 5367 5679 6333 6781
24 62 416 772 1202 1326 1830 2083 2380 2689 3038 3274 3347 3673 3907 4163 4527 4782 5007 5266 5401 5748 6160 6467 6736
10 63 474 1134 1376 3235 4969 5255 5736 6168 6512
17 64 507 1022 2482 3687 4059 4319 4437 4579 4807 5063 5357 5690 6117 6442 6657 6997
12 65 519 744 1123 1452 1749 2105 2412 3898 5082 5227 5553
16 66 668 1100 1280 1711 1977 2291 2664 3103 3320 3751 4539 5153 5451 5714 5921
20 67 841 1017 1130 1335 1525 2119 2612 3032 3268 3579 3694 4363 4915 5414 5663 5974 6250 6640 6769
24 68 448 919 1227 1458 1868 2137 2330 2899 3117 3461 3712 3929 4188 4490 4752 5046 5331 5594 5728 5951 6206 6400 6674
20 69 709 991 1361 1766 2034 2410 2816 3143 3633 4171 4434 4593 4858 5213 5415 5575 5846 5955 6232
24 70 653 877 1181 1445 1723 2025 2452 2610 2924 3083 3314 3476 3770 3992 4377 4673 5030 5275 5551 5910 6275 6413 6796
16 71 1058 1657 2043 2219 2480 3170 3554 3721 4133 4444 4564 4714 4850 5115 5444
17 72 552 776 1327 1789 2422 3248 3620 3981 4391 4640 4977 5294 5805 6077 6278 6477
21 73 611 847 1179 1580 1816 2268 2473 2747 3313 3802 4094 4211 4403 4641 4903 5206 5666 5839 6245 6732
18 74 786 1125 1250 1519 1952 2188 2401 2842 2987 3369 3555 3799 3861 5076 6193 6356 6530
21 75 692 899 1204 1586 2181 2540 2857 3394 3836 4142 4541 4758 5133 5385 5538 5753 6144 6380 6638 6878
17 76 747 1233 1538 2076 2325 2645 3046 3504 4089 4701 5017 5510 5691 5847 6148 6531
19 77 599 801 1041 1518 1849 2432 2726 3052 3325 3831 4049 4361 5201 5701 5927 6084 6239 6561
21 78 547 882 1274 1639 1950 2157 2421 2834 3124 3277 3674 3974 4254 4630 4927 5136 5552 5683 5988 6480
22 79 566 951 1294 1631 1696 1947 2534 3014 3386 3599 3866 4032 4422 4771 4921 5290 5455 5730 6079 6200 6759
15 80 797 1162 1513 2029 2445 3873 5160 5261 5409 5636 5917 6330 6659 6967
20 81 627 993 1180 1810 1889 2236 2615 3091 3546 3812 3991 4182 4511 5068 5362 5634 6128 6439 6555
11 82 751 1103 1343 1533 2099 3252 4819 5495 6082 6236
12 83 687 1208 2809 4031 4149 4466 4572 5168 5618 5947 6208
14 84 774 1106 1304 1581 1929 2144 2555 2799 2870 3035 3215 3708 5310
17 85 670 957 1310 1709 2214 2711 2866 4115 5432 5781 5923 6068 6268 6507 6723 6822
18 86 573 805 1138 1417 1829 2063 2468 2935 3417 3584 3960 4187 4349 4746 5144 5468 5678
22 87 435 763 1356 2056 2569 2845 3119 3808 4126 4400 4699 4797 4998 5394 5777 5996 6047 6159 6404 6624 6890
19 88 415 1049 1432 1918 2334 2896 3327 3744 3955 4268 4454 4635 4939 5309 5589 6061 6343 6538
15 89 1536 2496 2684 3039 3407 3793 4194 4435 4981 5284 5981 6169 6660 6851
14 90 734 1279 1625 1982 2347 2709 4056 5349 5659 5830 6264 6545 6924
20 91 503 784 1216 1642 2675 3045 3266 3447 3725 4102 4282 4565 4815 5224 5536 5887 6282 6655 6891
20 92 631 1306 1451 1687 2071 2611 3017 3370 3611 4018 4208 4530 4861 5289 5459 5653 6240 6457 6692
21 93 767 1446 1931 2398 2566 2824 3029 3331 3444 3757 4050 4271 4419 4882 5423 5746 6046 6332 6620 6920
16 94 496 852 1483 1706 2567 2960 3200 3617 3783 3940 4355 4855 5031 5399 5478
22 95 619 1073 1350 1655 1988 2281 2355 2649 3104 3670 3845 4165 4440 4525 4785 5029 5195 5232 5505 5852 6121
8 96 615 1104 1415 1725 2094 2377 2591
19 97 867 1754 2001 2390 2578 2800 2958 3213 3501 3774 4476 5239 5529 5785 6065 6464 6738 6864
15 98 646 745 1144 1486 1883 2128 2725 2878 3225 4378 5739 6104 6549 6717
21 99 437 1072 1619 1808 2270 2647 2856 3008 3577 3917 4298 4550 4690 4859 5049 5263 5689 6022 6287 6847
8 100 584 1401 1897 2172 2577 2886 3202
20 101 947 1318 1668 2115 2570 2826 3228 3450 3627 3867 4140 4625 5194 5543 5643 5876 6080 6408 6831
15 102 585 1037 2032 3076 3490 3949 4459 4719 4937 5262 5662 6003 6393 6802
20 103 402 568 1071 1470 1548 1779 2241 2435 2676 2999 3413 3630 4214 4707 4974 5307 5776 6419 6803
19 104 471 833 1405 1686 1899 2237 2698 3395 3748 4075 4259 4306 4606 5013 5185 5527 5767 6096
22 105 663 1051 1465 1805 2087 2428 2776 2990 3172 3330 3931 4170 4503 4891 5354 5598 5849 6111 6283 6402 6720
20 106 672 1098 1430 1983 2509 2839 3157 3402 3675 3851 3987 4128 4522 4694 4857 5334 6008 6177 6339
22 107 411 881 1650 1916 2101 2314 2512 3116 3432 3881 4164 4380 4920 5122 5293 5565 5765 5913 6317 6504 6618
13 108 796 1067 2796 4183 4465 5045 5533 6055 6328 6418 6603 6952
15 109 545 817 1178 2772 4248 4354 4612 5163 5360 5548 5637 6023 6364 6644
22 110 728 891 1145 1239 1620 1780 2199 2474 2853 2993 3245 3612 4112 4626 4944 5418 5583 5795 5894 6226 6764
9 111 710 1053 1339 3523 5627 5873 6224 6543
14 112 570 851 965 1354 1726 2243 2458 2699 2860 3055 3502 3986 4636
15 113 775 1117 1357 1671 2047 2354 2648 3130 3371 3792 4204 4556 4936 5332
17 114 564 903 1199 1595 1772 2097 2529 2835 3096 3334 3966 4217 4341 4588 5810 6987
15 115 834 1089 1388 1762 2200 2465 2751 3973 5149 5368 5557 6067 6360 6616
22 116 697 1092 1516 1811 2086 2357 2614 2764 3135 3568 3704 4029 4451 4698 5259 5430 5793 6074 6422 6679 7001
23 117 514 764 1063 1315 1530 1898 2031 2690 3026 3275 3433 3837 4324 4688 4932 5242 5554 5698 5906 6138 6369 6562
12 118 434 855 1147 1399 3390 5621 5957 6279 6556 6706 6990
18 119 560 853 1206 2207 3397 3731 4037 4240 4638 4951 5173 5448 5790 5970 6269 6519 6767
21 120 740 1076 1362 1627 1886 2167 2517 3034 3298 3819 4297 4396 4682 4823 5273 5391 5807 6241 6510 6722
16 121 487 873 2335 3550 3860 4034 4289 4499 4728 5018 5497 5687 5900 6371 6841
15 122 587 759 883 1328 1827 2039 2257 2504 2759 3254 3517 3637 4003 4469
21 123 480 613 1367 2124 2732 2975 3111 3699 4206 4310 4676 4851 5026 5188 5446 5848 5993 6246 6350 6632
8 124 661 1035 1697 2009 2393 2581 4754
17 125 553 1078 1394 1860 2302 2685 2996 3197 3391 3553 3902 4200 4321 5321 6379 6737
18 126 729 914 1102 1584 1856 2028 2170 2392 2691 2963 3050 3338 3870 5159 6573 6787 7008
10 127 826 1027 2349 3498 3631 3889 4296 4421 4736
17 128 452 643 1105 2547 3676 4110 4452 4568 4816 4884 5341 5508 5722 5896 6265 6563
19 129 527 779 897 1045 1221 1507 1663 2045 2262 2546 2945 3218 3380 3672 3877 4301 5661 6829
20 130 635 785 1039 1285 1807 2102 2370 2756 3061 3604 3850 4265 4775 4957 5199 5442 5587 5705 6188
21 131 529 765 1024 1431 1870 2049 2440 2687 2882 3280 3735 4135 4510 4956 5382 5907 6199 6415 6625 6815
22 132 609 1121 1390 1654 2042 2489 2778 3129 3382 3526 3822 4167 4357 4516 4856 5229 5677 5954 6551 6691 6862
22 133 482 1062 1303 1872 2085 2457 2817 2885 3210 3542 3718 4078 4439 5253 5425 5829 6210 6446 6586 6789 6969
20 134 421 683 940 1338 1736 2353 2797 3128 3300 3668 3811 4173 4457 4617 4828 5060 5251 5428 5717
22 135 604 1137 1468 1708 1962 2180 2446 2605 2989 3422 3649 3820 4081 4367 4656 4952 5488 5601 5817 6170 6755
16 136 444 863 1271 1547 1689 2112 2733 2957 3181 3736 4014 4347 4620 4879 5067
12 137 1190 2781 3997 4190 4405 4918 5181 5582 6043 6334 6645
21 138 479 896 962 1502 1801 2033 2224 2359 2954 3915 4193 4578 4883 5039 5302 5567 5740 6011 6304 6622
17 139 433 720 1006 1323 1695 2695 3730 4001 4223 4455 4886 5134 5783 5952 6335 6666
22 140 739 795 1025 1460 1704 2059 2394 2492 2827 3137 3459 3707 3840 4071 4333 4794 5058 5323 5506 5924 6227
10 141 770 1320 1951 2114 2342 2724 3138 3684 3936
20 142 484 994 1346 1831 2146 2409 2608 3068 3404 3805 4215 4559 5011 5641 5798 6085 6433 6693 6814
20 143 559 1201 1364 1769 2044 2261 2609 2911 3244 3436 3561 3645 3862 3988 4233 4512 4604 5759 6564
13 144 590 902 1360 1659 2051 2389 2596 2873 3230 4383 5709 5969
10 145 439 748 1295 1543 1778 3214 4317 5458 6775
13 146 666 2123 3571 3995 4123 4432 4762 5186 5542 5936 6220 6649
25 147 676 857 979 1282 1737 2161 2303 2493 2662 2815 3139 3429 3878 3948 4107 4542 4930 5187 5427 5733 6056 6471 6909 6975
13 148 717 1308 1710 2024 2344 2697 2998 3452 3784 4040 4323 4679
19 149 652 1015 1761 2317 2500 2761 3044 3425 3677 3830 4020 4252 4748 5064 5530 5762 6179 6382
19 150 505 917 1211 1562 2006 2568 2849 3184 3510 3956 4121 4497 4935 5118 5496 5945 6294 6580
15 151 622 1111 2002 2318 2592 3085 3284 3740 4077 4523 5148 5725 6093 6441
23 152 518 956 1260 1531 1875 2340 2652 2980 3094 3265 3787 3979 4184 4504 4664 5001 5372 5516 5816 6198 6613 6771
22 153 816 1463 1667 1804 2082 2548 3159 3522 3603 3954 4247 4368 4671 4890 5219 5519 5684 5949 6373 6626 6939
19 154 406 533 1119 1604 2222 2506 2716 3123 3408 3814 4023 4262 4737 4895 5120 5580 6072 6741
19 155 589 1273 1583 1820 2026 2654 3349 3567 3920 4072 4431 4803 4898 5531 5965 6260 6453 6776
17 156 655 1225 1644 1876 2061 2589 3150 3379 3683 3767 4540 5006 5233 5449 5623 5979
5 157 565 932 1555 3362
18 158 605 1413 1798 2050 2379 2767 3108 3393 3832 4150 4480 4718 4962 5348 5885 6358 6634
15 159 438 1013 1336 1564 1907 2290 2632 2783 3113 3443 3686 4000 4408 4717
17 160 698 1173 1587 1790 2035 2403 2524 2977 3529 3913 4280 4739 5142 5352 5950 6557
15 161 700 1040 1717 2055 2231 2503 2908 3291 4485 5771 6004 6386 6804 6998
14 162 674 946 1471 1699 2113 2476 2925 3152 3354 3729 5087 6320 6670
13 163 537 1083 1299 1554 2155 2903 3192 3467 3719 3941 4412 4838
11 164 432 904 1293 1535 1943 2282 2528 4651 6675 6751
23 165 969 1317 1611 1828 2007 2919 3141 3236 3514 3658 3890 4322 4834 5177 5324 5555 5778 6045 6209 6423 6559 6948
22 166 468 735 1151 1379 1656 1984 2104 2375 2678 3169 3615 3980 4343 4494 4867 5146 5654 5902 6100 6292 6445
29 167 521 650 925 1068 1214 1677 2041 2238 2365 2661 2901 3112 3262 3414 3785 4051 4474 4566 4675 4991 5358 5751 5944 6097 6376 6595 6885 7060
23 168 457 1087 1806 2110 2904 3071 3534 3994 4161 4258 4553 4627 4732 4870 5112 5192 5486 5961 6221 6478 6821 7074
15 169 409 783 1157 1418 1719 1893 2368 3151 3384 3734 3916 4086 4312 4557
20 170 430 754 992 1321 1702 2244 2657 2921 3118 3475 3945 4232 4567 4799 5157 5381 5669 6308 6539
20 171 404 445 792 1172 1598 1845 2169 2383 2769 3176 3513 3778 4335 4958 5164 5768 5912 6257 6499
24 172 463 525 1029 1207 1332 1606 1910 2060 2453 2627 2949 3233 3600 3886 4118 4438 5036 5405 5745 5959 6347 6523 6876
6 173 732 1131 1771 2131 2736
14 174 1649 2867 3231 3376 3724 3868 4277 4558 4715 5078 5447 5711 6284
27 175 541 838 1030 1330 1517 1698 1888 2141 2399 2521 2752 2985 3191 3535 3700 4109 4225 4332 4689 5090 5373 5786 6229 6490 6695 6867
21 176 706 1170 1329 1651 2064 2537 2795 3160 3396 3897 4010 4358 4751 5128 5408 5622 5865 6163 6412 6811
9 177 419 548 1268 1534 1817 4305 6217 6750
18 178 456 966 1152 1322 1945 2248 2715 3110 3253 3635 4370 4692 4928 5223 5828 6351 6648
17 179 929 1240 1596 1925 2378 2916 3195 3368 3794 4122 4555 4917 5051 5212 5333 5513
6 180 2274 3782 4192 4532 5137
23 181 408 1118 1881 2348 2584 2898 3196 3289 3537 3918 4210 4515 4726 4963 5165 5312 5620 5850 6195 6290 6394 6597
17 182 510 990 1475 1727 1937 2145 2376 2843 3024 3288 4279 5374 5715 5977 6272 6614
15 183 1036 1312 1373 1566 1874 3264 4518 4734 4973 5389 5696 5870 6094 6389
13 184 695 970 1251 1714 1922 3328 4470 4953 5404 5833 6349 6918
20 185 557 850 1286 1902 2193 2595 2819 3194 3446 3662 3965 4394 4842 5141 5735 5942 6135 6340 6854
18 186 625 977 1454 1624 2072 2324 2580 2855 3224 3509 3901 4413 4632 4876 5179 5413 5655
13 187 534 733 987 1406 1823 2203 2621 2933 3470 3899 4138 5707
24 188 512 790 1210 1290 1577 1703 2091 2469 2653 3016 3203 3350 3528 3894 4073 4508 4731 4934 5340 5723 5916 6225 6650
18 189 806 1091 1241 1585 1928 2108 2211 2470 2872 3286 3665 4058 4547 4950 5387 5702 5826
15 190 641 1987 3295 3403 3639 3828 4362 4725 4967 5379 5700 6013 6352 6664
18 191 861 1177 1777 2263 2680 3221 3485 3829 4179 4284 4580 5014 5461 5963 6299 6429 6643
21 192 493 1016 1597 1995 2280 2601 2773 3175 3405 3636 3863 4124 4302 4596 4826 5174 5549 5864 6365 6923
16 193 593 964 1434 1615 2233 2460 2859 3088 4345 5591 5879 6075 6436 6639 6794
21 194 781 974 1167 1506 1851 2147 2757 2927 3136 3511 3703 4053 4290 4608 5041 5434 5823 6162 6274 6844
15 195 633 1213 1647 1858 2267 2426 2745 3004 3309 3688 4104 4520 5845 7054
12 196 823 1059 1403 1645 1985 2218 2371 2564 2906 3086 4177
17 197 675 939 1189 1496 1758 2069 2471 2749 3125 3530 4043 4848 5277 5392 5644 5914
15 198 829 1197 1353 1661 1954 2264 2722 3167 3377 3777 3998 4264 4449 4793
17 199 798 1429 1878 2361 2598 2768 3247 3527 4130 4291 4475 5129 5342 5738 6032 6536
14 200 481 870 1217 1626 3126 4584 4997 5534 5718 5987 6261 6506 6696
25 201 469 761 1054 1349 1618 1863 2255 2483 2801 3058 3290 3525 3714 4026 4196 4365 4705 5072 5613 5710 6054 6401 6569 6840
16 202 544 693 1345 1453 1730 2065 2185 2450 2681 2965 3217 3381 4786 6142 6578
7 203 2814 4988 5369 5635 6062 6502
23 204 407 572 901 1060 1499 1813 2209 2637 2986 3340 3482 3798 4016 4389 4642 4809 5047 5338 5584 5869 6010 6293
11 205 426 682 927 1011 1392 1682 2192 2823 3114 3539
23 206 701 988 1276 1574 1715 2133 2656 3131 3458 3551 3817 3906 4402 4759 5145 5265 5479 5986 6205 6438 6554 6858
21 207 802 941 1127 1292 1447 1713 2189 2479 2585 2808 3028 3769 4002 4237 4379 4860 5057 5270 5498 6114
17 208 755 1009 1422 2073 2327 2669 3589 4472 4854 5205 5443 5629 5837 6099 6508 6665
17 209 677 967 1397 1748 1914 2413 2777 3193 4519 5603 5948 6033 6136 6338 6387 6832
20 210 575 952 1493 1887 2168 2362 2623 2876 3258 3406 3678 3885 4052 4945 5303 5604 5964 6266 6454
14 211 1393 2130 2331 2646 2915 3206 3702 4154 4827 5010 5279 5615 6125
22 212 972 1370 1550 1731 1913 2356 2651 3133 3246 3910 4198 4526 4649 4964 5139 5465 5775 6027 6166 6348 6756
20 213 465 780 1222 1549 1757 2186 2693 3409 3904 4309 4708 5056 5304 5460 5724 6070 6324 6646 6888
16 214 551 831 1203 1557 1744 2319 2541 3823 4914 5283 5481 5788 6139 6355 6709
24 215 567 1070 1277 1427 2000 2635 2753 2895 3065 3332 3469 3852 4189 4447 4713 5198 5617 5806 5918 6154 6444 6683 6982
19 216 911 1444 1746 2075 2593 3134 3466 3788 4484 4607 4837 5050 5172 5438 5708 6103 6271 6437
22 217 848 886 1129 1552 1685 2156 2692 2971 3155 3520 3781 3947 4209 4631 4778 4983 5244 5646 6122 6500 6661
15 218 1794 3146 3455 3727 3976 4212 4677 4985 5217 5706 5931 6184 6470 6816
17 219 606 885 1196 1289 1892 2079 2307 2515 2760 3449 3756 4063 4325 5439 6553 6813
24 220 671 875 1191 1387 1783 1997 2321 2462 2838 3070 3183 3363 3653 4106 4304 4533 4735 5246 5398 5474 5749 6212 6550
19 221 634 1188 1428 1834 2088 2550 2918 3351 3602 3705 4571 5237 5539 5799 5960 6296 6598 6846
20 222 458 887 1262 1602 1992 2339 2466 2774 3145 3697 4105 4461 4832 5298 5699 6015 6570 6730 7041
16 223 628 943 2242 3548 3816 4083 4295 4517 4784 4913 5345 5867 6186 6421 6780
14 224 713 1023 2491 3909 4127 4678 5162 5285 5494 5838 6106 6588 6773
11 225 509 810 1094 1509 1788 2338 2788 3101 3282 3560
18 226 651 1115 1570 1904 2235 2561 3020 3481 3844 4288 4586 5016 5228 5609 5761 6134 6492
19 227 704 955 1160 1568 1859 2195 2519 2765 3211 3752 4344 4648 4923 5291 5485 5980 6285 6694
17 228 462 730 1007 1529 2712 3932 4160 4468 4911 5102 5335 5544 5789 6081 6345 6465
22 229 937 1236 1635 1745 1980 2213 2391 2538 2831 3187 3628 3923 4239 4615 5023 5180 5370 5737 6120 6353 6565
12 230 942 1481 1973 3293 4633 4892 5117 5378 5811 6230 6747
17 231 621 849 1300 1690 2107 2532 2822 3269 3588 3937 4376 4629 5318 5825 6316 6482
9 232 459 737 1242 1616 1880 4180 6306 6820
10 233 1658 2624 2832 3171 3696 5131 6608 6718 6874
17 234 595 1001 1234 1426 1912 2138 2502 3140 3471 3813 4048 5220 6323 6599 6754 6927
13 235 649 999 1224 1474 1844 3496 5267 5560 5860 6009 6288 6752
19 236 495 845 1382 1681 1890 2136 2461 3077 3326 3622 3800 3970 4308 4609 4836 5599 6178 6509
21 237 470 928 1613 1965 2226 2531 2727 2956 3163 3691 3963 4136 4340 4674 4811 5424 5650 6037 6302 6611
11 238 583 1116 1265 1461 1809 2053 4256 6498 6677 6943
16 239 425 923 2225 3585 3762 4066 4429 4791 4912 5110 5183 5322 5756 6375 6462
14 240 1621 2936 3412 3594 4028 4582 4872 5209 5314 5577 5827 6303 6808
21 241 659 997 1291 1522 1921 2196 2641 2883 3158 3439 4017 4275 4761 5022 5365 5784 6017 6173 6631 6931
18 242 554 835 2140 3483 3661 3880 4108 4386 4628 4908 5070 5419 5881 6016 6249 6731 7024
12 243 727 1081 1319 2704 3919 4172 4554 4986 5197 5883 6518
21 244 540 794 1212 1485 1919 2258 2719 2905 3054 3353 3540 3924 4246 4597 4700 5088 5350 5939 6152 6678
18 245 403 623 908 1793 2516 2858 3278 3755 4585 4841 4931 5356 5640 6020 6273 6526 7063
16 246 526 874 1375 1775 2111 2441 2702 3090 3667 4061 4359 4744 5316 5800 6119
12 247 724 1080 1325 1750 1946 2346 4068 5597 6172 6537 6757
25 248 490 667 916 1256 1473 1846 2139 2431 2848 3189 3418 3596 3865 4186 4371 4623 4893 5077 5315 5518 6006 6218 6395 6576
11 249 799 1544 1944 2444 2810 3100 3229 3608 5184 6838
16 250 501 804 1136 1331 1556 1869 2443 2735 3428 3623 3872 3993 4227 4327 4411
21 251 673 1005 1365 1975 2333 2599 3073 3301 3547 3984 4274 4711 4929 5327 5625 6088 6310 6524 6784 6971
15 252 467 777 1263 1545 3121 4463 4781 4966 5225 5489 5971 6276 6702 6843
20 253 600 1301 1734 2134 2588 2865 3089 3464 3753 4024 4272 4616 4864 5053 5326 5712 6145 6689 6926
10 254 773 2920 4665 4839 5151 5550 5884 6187 6416
23 255 654 1257 1420 1767 1895 2152 2559 2748 2961 3271 3698 3985 4313 4551 4881 5140 5490 5626 5926 6194 6297 6758
24 256 555 895 1209 1628 1933 2275 2472 2728 3013 3335 3497 3742 4226 4493 5025 5231 5412 5818 6110 6234 6388 6585 6779
3 257 499 2418
10 258 742 1588 2078 2488 2981 3592 4070 5466 6865
24 259 854 1437 1819 2149 2400 2688 2813 2914 3075 3355 3552 4009 4342 4514 4693 4978 5337 5524 5772 6069 6341 6460 6902
19 260 608 821 1107 1462 2080 2276 2456 2713 3018 3465 3754 4203 4294 4502 4767 5065 5346 5780
20 261 723 1254 1466 1776 2498 2976 3374 3741 4243 4650 4933 5061 5154 5388 5681 5933 6133 6575 6881
20 262 500 782 1008 1366 1561 1994 2337 2909 3106 3421 3764 4021 4087 4441 4764 5130 5532 5815 6511
6 263 497 1018 2408 3448 3760
22 264 617 905 1491 1732 1971 2232 2520 2763 3097 3388 4036 4299 4538 4916 5196 5420 5743 6049 6390 6615 6893
27 265 746 1082 1348 1425 1600 1739 2106 2313 2703 3012 3365 3663 3928 4185 4398 4583 4760 5005 5234 5397 5547 5842 6258 6552 6715 6970
10 266 461 778 1192 3173 5502 6095 6398 6612 6897
26 267 839 1358 1848 2190 2305 2513 2606 2741 3093 3261 3484 3605 3826 4175 4740 4910 5052 5422 5499 5766 5889 6361 6474 6853 7006
22 268 688 1307 1926 2160 2518 2746 2964 3287 3549 3961 4111 4318 4443 4821 4982 5355 5672 5782 6281 6577 6950
17 269 752 1050 1423 1852 2095 2266 2667 2967 3312 3766 4151 4456 4587 4802 5271 5578
21 270 556 950 1314 1752 2068 2316 2658 2787 3132 3486 3803 4132 4406 4704 5235 5452 5704 6124 6584 6870
17 271 691 930 1113 1729 1998 3241 4314 4681 4788 5182 5463 5803 5937 6171 6420 6806
9 272 561 924 1195 1542 1920 2122 2573 5032
21 273 483 789 1296 1968 2360 2631 2940 3185 3591 3893 4046 4410 4619 4712 5004 5268 5561 5990 6370 6606
17 274 508 918 1398 1826 2048 2265 3378 4496 4853 5175 5450 5836 6098 6505 6712 6872
9 275 581 1168 1559 2215 2525 2803 3019 3358
19 276 453 807 1378 2206 2433 2968 3319 3531 3768 3925 4218 4602 4904 5176 5688 6025 6207 6708
22 277 669 1150 1634 1942 2197 2514 2818 2982 3281 3506 3858 4103 4197 4331 4573 5021 5520 5854 6038 6267 6520
16 278 624 1238 1679 1963 2221 2439 2955 3323 3726 3926 4562 4750 4862 5317 6014
8 279 424 832 1175 1569 1842 2374 2660
20 280 486 1402 1573 1781 2198 2701 3000 3199 3625 3935 4222 4482 4843 5211 5606 5835 6028 6315 6481
19 281 597 983 1504 1815 2038 2304 2618 3010 3317 3518 3732 3969 4100 4500 5286 5676 6076 6590
19 282 516 828 1164 1520 2004 2397 2766 2928 3297 3733 4176 4506 4776 5114 5437 5998 6309 6746
22 283 531 880 1266 1409 1760 2323 2571 2780 3037 3161 3905 4395 4685 4820 5319 5645 5958 6161 6522 6760 6933
13 284 689 1034 1487 1867 2254 2644 2950 3156 3442 3761 4074 4528
11 285 647 1099 1309 1563 3049 4450 5204 5568 5814 5911
19 286 446 1057 1416 2012 2171 2755 3456 3644 3847 4191 4686 5089 5383 5674 6051 6344 6574 6682
21 287 809 1003 1459 2066 2505 2639 2862 2970 3419 3648 3977 4129 4292 4577 5000 5522 5796 6086 6372 6749
14 288 472 656 1002 2210 3164 3392 3632 3921 4174 4763 5250 5891 6727
10 289 441 1028 1421 2212 4125 5556 6012 6407 6827
7 290 538 1114 2892 4006 5347 6800
22 291 702 1156 1592 1936 2467 2743 3021 3345 3713 3789 4099 4328 4637 4873 5150 5351 5668 5941 6425 6663 7002
23 292 478 758 878 1133 1311 1720 1930 2272 2696 2991 3305 3650 4117 4418 4563 4959 5095 5320 5651 5874 6021 6222
25 293 578 1066 1183 1528 1782 1972 2126 2395 2463 3078 3375 3682 3971 4364 4806 4979 5152 5585 5804 6052 6191 6488 6705 6828
15 294 498 892 1278 1527 1640 1821 2484 3025 3201 3488 3853 4293 4417 5726
11 295 491 707 978 3324 5574 6040 6151 6458 6558 6743
21 296 449 716 1004 1440 1839 2132 2731 3102 3398 3874 4155 4287 4569 4878 5098 5608 5929 6165 6378 6782
6 297 812 1146 2640 3912 4011
15 298 630 1200 1539 1993 2184 2636 2974 3222 3472 3959 4307 4442 4780 4949
20 299 626 933 1594 2223 2499 3120 3558 3857 3982 4276 4445 4696 4795 4896 5094 5503 5686 6048 6484
23 300 436 814 1069 1359 1652 2054 2328 2501 2812 3329 3930 4039 4157 4409 4766 4992 5276 5576 5787 6155 6566 6932
22 301 1075 1441 1608 1906 2175 2352 2630 3174 3590 4047 4300 4529 4817 5207 5564 5893 6280 6533 6629 6748 6898
17 302 571 1026 1497 1707 2037 2511 2806 3357 3507 4113 4733 5024 5395 5619 5909 6399
21 303 736 1079 1305 1524 1903 2100 2495 2840 3240 3505 3801 4153 4622 5084 5482 5878 6196 6354 6671 6786
21 304 562 768 1617 2046 2159 2336 2557 2912 3188 3516 4093 4507 4852 5328 5571 5992 6295 6428 6642 6823
17 305 921 1478 2127 2720 2917 3250 3616 3795 3952 4415 5042 5359 5792 6053 6475 6770
7 306 2700 4801 5073 5308 5429 5649
20 307 610 1021 1579 1959 2434 2790 3148 3411 3597 3825 4263 4407 4672 5037 5258 5616 6034 6374 6568
20 308 504 922 1219 1511 1935 2289 2811 3105 3273 3563 3953 4273 4481 5003 5299 5559 5868 6383 6633
21 309 447 811 1112 1439 1923 2372 2642 3082 3348 3626 3771 4250 4453 4716 5249 5433 5703 6041 6329 6405
15 310 1688 3066 3582 3791 4270 4478 4592 4840 5297 5514 5694 6192 6427 6795
16 311 1999 3092 3373 3576 3710 3989 4316 4531 4691 5126 5453 5586 5834 6248 6818
17 312 705 844 1142 1632 1822 1917 2202 2530 2854 3062 3304 3728 4147 4467 5692 6877
11 313 926 1438 1832 2005 2416 2890 3308 3532 3709 5109
20 314 708 1052 1298 1728 2023 2259 2527 2821 2923 3364 3640 3896 4137 4462 4756 4924 5330 5720 5985
9 315 517 1038 1334 1812 2143 2384 4724 6875
9 316 442 936 1215 1560 2011 2560 2717 3654
16 317 760 1033 1630 1784 1961 2464 2739 3057 3457 3839 4169 4661 4869 5034 5371
10 318 869 1523 1701 2058 2405 2718 4849 6628 6785
15 319 658 912 1228 1601 1799 2070 2423 2723 2946 3178 3706 3975 4283 4483
18 320 714 1269 2010 2545 2847 3084 3598 3934 4219 4425 4777 5105 5410 5727 5943 6286 6684
21 321 522 827 968 1245 1610 2164 2634 2864 3238 3580 4054 4659 5033 5252 5546 5791 6057 6203 6435 6697
22 322 703 909 1047 1505 1756 2003 2273 2417 2572 2941 3109 3337 3807 4035 4181 4765 5132 5400 5841 6073 6337
18 323 906 1372 1558 1833 2332 2710 3226 3666 3810 4281 4687 4954 5243 5507 5754 5976 6582
13 324 766 2182 3512 3895 4230 4534 4683 4889 5116 5416 5832 6066
12 325 492 2600 4535 4697 5054 5396 5652 6036 6357 6521 7159
19 326 586 995 1747 2253 2429 2643 2782 3249 3619 3943 4220 4654 4940 5411 5540 5895 6359 6529
16 327 771 1010 1371 1857 2098 2386 2574 2829 3007 3260 3415 3614 5044 6391 6761
17 328 664 971 1229 1770 2179 2490 2628 2863 3198 3427 3855 4022 4491 4830 5247 5742
14 329 632 788 1404 1567 1633 1938 2187 2552 2830 3162 3491 5158 6882
10 330 645 1043 1261 1456 1873 2153 2415 2887 4947
20 331 494 944 1476 1847 2329 2594 2888 3098 3437 3722 4168 4373 4909 5124 5558 5857 6118 6496 6567
17 332 756 1246 2544 3892 4088 4348 4509 4610 4779 5096 5278 5477 5750 6105 6298 6742
20 333 528 1154 1433 2201 2633 2875 3051 3346 3583 3879 4119 4427 4902 5104 5363 5611 5861 6107 6319
16 334 685 1249 1551 2125 2536 2969 3263 3618 3838 4116 4352 5274 6247 6503 6836
21 335 506 843 1101 1281 1532 1712 1981 2301 2604 2891 3001 3361 3651 4005 4477 4925 5456 5812 6318 6607
15 336 726 1391 1489 1675 1966 2250 2419 2677 3177 3578 5100 6494 6652 6835
11 337 678 725 820 2910 4976 5426 6137 6300 6668 7049
18 338 612 1088 1488 1740 1879 2411 2913 3292 3749 4255 4804 4996 5375 5682 5973 6336 6572
19 339 825 1500 1741 2096 2522 2868 3255 3487 3780 3911 4346 4479 4753 5143 5471 5890 6157 6452
21 340 762 1193 1678 1800 2036 2510 2973 3352 3544 3750 4238 4552 4669 4905 5086 5380 5647 5928 6185 6432
9 341 596 1000 3216 5512 5856 6042 6424 6710
20 342 535 954 1187 1537 1927 2414 2850 3219 3543 3818 4060 4330 4546 4722 5161 5493 5858 6363 6807
13 343 431 680 1223 1692 1850 2014 2288 3809 5366 5813 6472 6688
21 344 686 1048 1541 1882 2437 2668 3144 3423 3634 4042 4426 4770 5079 5292 5454 5797 6083 6213 6449 6667
23 345 412 1019 1108 1623 2129 2442 2730 3048 3279 3480 3716 3903 4393 4670 4897 5103 5521 5695 5934 6331 6714 6856
14 346 787 1084 1389 1572 1932 2148 2587 2907 3454 3776 4339 4663 4887
23 347 429 662 791 963 1095 1374 1643 1939 2367 2626 2804 2836 3356 3680 4159 4544 4769 5066 5483 5875 6129 6701
23 348 665 953 1141 1386 1484 1840 1974 2292 2707 2931 3426 3681 4152 4684 4899 5127 5407 5500 5757 6019 6396 6680
13 349 520 694 1161 1408 1774 1948 2234 2448 3679 5171 5579 6031
8 350 1140 2351 3524 3824 5138 6602 6938
13 351 860 1259 1501 1718 2020 2174 2430 3972 5296 5808 6175 6501
16 352 800 1166 1464 1996 2286 2396 2487 2978 3556 3773 4158 4524 4703 4863 5226
21 353 690 1270 1553 2057 2477 2837 3022 3494 3846 4030 4374 4576 4866 5009 5101 5344 5731 6235 6483 6798
21 354 824 1243 1508 2022 2455 2714 3095 3339 3460 3685 4224 4647 5002 5287 5657 5940 6123 6263 6426 6763
18 355 422 741 920 1182 1467 1673 1884 2030 2308 2851 3610 3942 4249 4787 5020 5511 5648
19 356 836 1185 1662 1787 2120 2366 2579 2997 3182 3441 3833 4446 4741 5040 5339 5794 6255 6587
23 357 410 614 976 1324 1646 2077 2299 2575 2930 3127 3311 3875 4041 4257 4660 4844 5241 5656 5866 5999 6127 6487
22 358 607 1155 1498 1900 2090 2260 2364 2775 3027 3500 3743 3978 4144 4721 4961 5406 5541 5809 6253 6658 6812
20 359 405 592 1176 1582 2309 2459 2613 2902 3342 3692 4080 4382 4790 4942 5269 5457 5920 6228 6774
10 360 640 1381 3009 4229 4334 4644 5744 6799 7016
14 361 743 984 1693 1960 2249 2619 3043 3367 4416 5642 5831 6109 6362
16 362 1126 1490 1957 2436 2807 2992 3208 3445 3720 4065 4938 5569 5882 6064 6431
21 363 684 1120 1283 1683 1940 2438 2625 2988 3154 3515 4079 4513 4743 5028 5240 5525 5801 6204 6450 6579
6 364 1990 3786 3957 4337 5091
20 365 569 989 1347 1768 2229 2607 2771 2937 3270 3438 3864 4242 4814 4980 5167 5509 5962 6451 6739
23 366 427 975 1086 1436 1795 2278 2582 3003 3251 3410 3575 3693 4146 4720 5062 5535 5779 6000 6182 6366 6456 6777
14 367 961 1355 1479 1877 2194 2603 2846 2994 3232 3562 3887 4420 5763
10 368 1905 3565 3664 3842 3939 4139 4424 4706 4818
21 369 648 1020 1363 1791 2093 2508 2663 3067 3285 3489 3775 4069 4603 4990 5343 5752 5904 6214 6703 6790
17 370 428 998 1472 1680 1958 2142 2622 2802 3056 3545 3763 3964 4399 4742 4885 5059
16 371 638 830 1132 1469 1694 1978 2602 2952 3147 4372 5758 6174 6392 6609 6765
16 372 539 1061 2381 3559 3922 4195 4381 4831 5216 5421 5590 5966 6108 6448 6593
21 373 602 890 1163 1593 1716 2089 2283 2629 3060 3431 3759 4143 4303 4595 5123 5467 5760 5953 6430 6817
21 374 511 889 1226 1526 1953 2158 2296 2565 2750 3063 3440 3779 4260 4521 4755 4900 5393 5859 6251 6673
21 375 865 1351 1724 2150 2341 2485 2786 3023 3474 3564 3765 3888 4120 4311 4747 5191 5403 5593 6113 6871
20 376 502 862 1074 1424 1755 2154 2583 2861 3079 3453 3900 4351 4880 5135 5476 5581 5938 6060 6528
9 377 738 1158 1342 1797 2176 4392 6497 6604
13 378 532 1044 1455 1738 1871 2216 2553 2798 2995 3341 4972 6728
16 379 958 1302 1512 2228 2402 2597 2884 2948 3306 3659 4013 4261 4624 5169 5600
23 380 420 591 815 1248 1521 1672 2017 2279 2539 2881 3420 3566 3944 4326 4594 4812 5300 5628 6149 6384 6837 6993
22 381 750 1174 1410 1612 1924 2103 2293 2556 3074 3401 3593 3849 4404 4768 5236 5545 5972 6233 6491 6713 6963
12 382 846 1443 1803 3179 4614 4926 5288 5445 5670 5862 6223
22 383 466 769 910 1077 1480 2052 2454 3064 3463 3746 4008 4090 4464 4757 5121 5523 5631 5892 6183 6468 6842
18 384 1247 1891 2271 2779 3042 3399 3711 3968 4498 4749 4901 5301 5588 5863 6024 6291 6824
17 385 485 588 1093 1313 1765 2118 2562 2708 2943 3149 3521 3747 3914 4148 4598 4941
24 386 477 893 1244 1450 1510 1660 2116 2447 2833 3030 3499 3738 3950 4156 4385 4907 5075 5386 5602 6029 6307 6409 6778
20 387 712 1337 1648 1908 2407 2784 2979 3372 3613 3946 4278 4537 4800 4968 5376 5755 6078 6342 6733
17 388 1128 1638 1967 2245 2481 2874 3256 3655 4251 4433 4960 5189 5517 6005 6495 6915
22 389 1109 1637 1843 2151 2427 2694 3053 3099 3503 3891 4067 4269 4570 5038 5238 5630 5922 6167 6410 6719 6883
12 390 451 837 1031 1284 2533 4015 4489 4789 5119 5215 5441
23 391 523 793 1012 1316 1742 2016 2294 2551 2926 3434 3695 3967 4213 4495 4695 5099 5336 5664 6071 6115 6312 6721
12 392 603 856 1218 1705 2295 2542 2805 3310 3671 3841 4027
13 393 629 935 1419 1854 2177 3424 4709 5230 5605 5729 5997 6514
19 394 414 757 813 1258 1676 2163 2674 2828 3015 3318 3606 3796 4178 4390 5203 5713 5821 6325
19 395 558 1153 1385 1865 2183 2478 2793 3220 3538 3701 4007 4286 4730 5170 5484 5932 6150 6653
23 396 400 859 1194 2067 2543 2942 3204 3570 3854 3999 4350 4505 4805 4984 5462 5769 6007 6215 6346 6592 6690 6833
19 397 440 1110 1448 1835 2345 2794 3237 3581 3758 4315 4611 4995 5282 5685 5905 6091 6314 6627
15 398 515 982 1546 2820 4062 4202 4549 4845 5113 5200 5377 5978 6326 6560
13 399 475 822 1275 1396 1802 2298 2900 3142 3533 3827 5202 6605
