28 0 514 1092 1249 1849 2307 2431 2861 3036 3476 3770 4035 4361 4577 5085 5646 5886 6278 6741 7045 7494 7690 8181 8313 8786 9271 9515 9800
30 1 365 551 1075 1417 1683 1817 2280 2913 3258 3611 4137 4560 5146 5452 5855 6239 6369 6551 6968 7541 7671 7823 8023 8265 8779 8976 9431 9617 9815
27 2 786 1019 1658 2204 2440 2836 3059 3584 3765 4010 4358 4642 4886 5238 5485 5862 6342 6976 7474 7730 8111 8259 8666 9183 9620 9944
33 3 371 550 941 1366 1622 1830 2130 2343 2714 2957 3314 3467 3586 4045 4228 4490 4983 5409 5601 5892 6136 6314 6766 7011 7467 7841 8165 8333 8555 9116 9455 9774
32 4 409 838 1073 1863 2143 2544 2900 3148 3554 3900 4290 4619 4736 4910 5110 5403 5848 6173 6476 6674 6829 7053 7339 7754 8106 8547 8751 8967 9313 9500 9793
30 5 730 1214 1482 1704 2047 2649 3026 3298 3710 3968 4294 4432 4701 5088 5435 5762 6091 6287 6647 6787 7182 7635 8021 8379 8668 8753 9008 9495 9898
29 6 570 866 1161 1509 1776 2141 2496 2655 2962 3183 3460 3834 4243 4760 5081 5214 5684 5964 6659 7194 7601 7983 8345 8661 8922 9211 9528 9862
30 7 394 699 1239 1473 1769 1964 2376 2514 2893 3544 4063 4256 4661 4792 5060 5461 5733 5933 6238 6549 6808 7185 7547 7726 8234 8777 9279 9644 9929
28 8 682 1057 1267 1501 1752 2071 2500 2883 3387 3677 4050 4305 4904 5235 5498 5695 6126 6529 6693 6904 7271 7816 8402 8970 9369 9670 9996
29 9 734 953 1253 1607 1767 2263 2633 2906 3087 3188 3532 3830 4180 4635 4898 5073 5615 5988 6421 6764 7294 7461 7725 8094 8275 8840 9408 9864
27 10 521 961 1211 1560 1942 2524 3088 3495 3800 4276 4472 4828 5338 5604 5956 6687 7141 7599 7935 8268 8520 8758 9016 9501 9763 9941
30 11 506 804 930 1264 1558 1959 2310 2474 3029 3504 3675 4017 4457 4901 5137 5398 5685 6404 6851 7008 7210 7477 7942 8339 8842 9010 9215 9521 9758
30 12 546 910 1467 1787 2259 2434 2739 2917 3252 3679 3841 3970 4365 4893 5108 5407 5619 5994 6294 6500 6876 7264 7501 7715 8092 8466 8934 9324 9694
27 13 435 675 947 1535 1928 2364 2627 2975 3595 3867 4183 4393 4957 5392 5826 6138 6620 7057 7192 7630 7955 8049 8530 8810 9250 9631
28 14 380 868 1071 1495 1743 2503 2950 3112 3318 3600 4285 4844 5355 5525 5676 6361 6802 7201 7472 7712 7944 8188 8395 8802 9104 9503 9792
29 15 427 563 878 1365 1723 1934 2149 2416 2935 3236 3599 3884 4444 4836 5268 5529 5897 6305 6719 7135 7555 7842 8314 8634 8989 9171 9601 9947
28 16 802 962 1104 1383 1617 1728 2089 2381 2600 3101 3439 3845 4055 4454 5021 5626 6056 6414 6797 7239 7397 7893 8183 8566 8835 9394 9786
29 17 858 1010 1357 1834 2000 2321 2727 2914 3162 3274 3470 3967 4325 4755 5000 5381 5770 6177 6457 6728 7056 7692 8053 8453 8621 8881 9189 9539
29 18 634 1002 1221 1515 1875 2529 2940 3102 3750 4177 4348 4826 5134 5627 6298 6511 6733 6934 7282 7571 7797 7978 8160 8389 8687 8916 9268 9707
27 19 562 771 1166 1749 2078 2558 2832 3002 3552 3956 4173 4633 5056 5305 5593 5942 6141 6706 7341 7709 8121 8620 8832 9062 9474 9759
31 20 757 1072 1381 1582 1876 2063 2289 2708 3041 3293 3649 4058 4440 4971 5138 5262 5845 6100 6409 6937 7219 7342 7745 8180 8523 8665 8978 9376 9616 9927
28 21 541 1064 1480 1790 1927 2264 2567 2834 3067 3339 3722 3939 4370 4717 5051 5208 5642 5813 6142 6649 7064 7751 8284 8608 9020 9362 9776
32 22 515 710 991 1285 1788 2319 2555 2720 2864 3128 3546 3806 4254 4567 4923 5193 5541 5932 6222 6559 6778 7212 7649 7954 8085 8465 8855 9165 9467 9839 9970
29 23 389 763 1061 1627 1976 2186 2590 2984 3561 3870 4229 4789 4897 5406 5535 5916 6265 6657 7112 7246 7614 7860 8145 8327 8697 9011 9269 9739
29 24 381 1026 1210 1477 2051 2317 2595 2982 3372 3571 3871 4245 4594 5007 5139 5643 5871 6357 6536 6724 7086 7514 7872 8232 8796 9121 9565 9872
26 25 756 1251 1461 1694 1998 2372 2498 3034 3534 4024 4302 4674 4883 5430 5614 5936 6466 7015 7265 7414 7659 8235 8584 9098 9588
31 26 448 655 945 1246 1456 1781 1992 2301 2700 3035 3135 3361 3753 4185 4586 5008 5207 5417 5777 6300 6411 6807 7046 7774 8293 8706 8925 9122 9390 9809
31 27 414 683 1039 1231 1731 2187 2329 2812 3166 3412 3916 4263 4462 4807 4958 5121 5471 5745 6119 6611 7115 7517 8011 8362 8628 8915 9090 9249 9409 9950
30 28 533 723 1074 1451 1506 1759 2150 2528 3055 3475 3942 4234 4524 4815 5354 5694 6032 6422 6629 6795 6999 7338 7520 7971 8367 8539 8762 9071 9732
30 29 423 754 978 1434 1773 2162 2530 2978 3223 3517 3785 4100 4452 4813 4959 5128 5271 5686 6084 6445 6763 7009 7552 7880 8110 8542 8929 9320 9536
29 30 390 688 876 1206 1447 1815 2176 2513 2976 3167 3545 4018 4456 4797 5026 5388 5883 6205 6546 6800 7269 7693 7837 8187 8394 8948 9421 9847
26 31 489 708 1150 1388 1739 2174 2866 3192 3420 3814 4165 4293 4720 4961 5472 5719 6132 6606 7297 7719 8217 8552 9025 9375 9893
31 32 575 892 1331 1612 1946 2294 2540 2933 3282 3523 3903 4340 4865 4989 5227 5443 5915 6209 6384 6627 6833 7288 7583 8099 8353 8640 9002 9234 9448 9902
25 33 643 1170 1394 1828 2091 2453 3131 3556 3936 4124 4392 4861 5337 5715 6419 6758 7158 7451 7834 8204 8727 9058 9418 9750
30 34 646 829 1176 1445 1693 1907 2249 2585 2852 3163 3485 3758 4155 4576 4774 5164 5670 6035 6328 6563 7100 7645 8116 8241 8469 8938 9148 9415 9747
29 35 668 998 1415 1892 2268 2630 2835 3289 3473 3861 4355 4834 5226 5450 5705 6067 6439 7076 7367 7512 7853 8213 8433 8773 9001 9491 9773 9989
27 36 726 1014 1255 1462 1758 2027 2446 2729 3525 4158 4469 4732 5383 5548 5920 6387 6992 7184 7535 7749 7898 8341 8705 8882 9202 9719
25 37 393 909 1212 1641 2231 2325 2784 3327 3787 4179 4622 5136 5251 5522 5578 6066 6770 7248 7670 8294 8497 8991 9366 9757
29 38 395 806 1273 1470 1859 2457 2736 3220 3354 3632 3812 4182 4690 5035 5447 5554 6150 6533 6845 7167 7532 7927 8224 8425 8979 9296 9505 9769
32 39 359 702 1058 1567 1880 2145 2342 2753 3103 3319 3693 4149 4356 4688 5053 5692 6155 6594 6824 7061 7422 7818 8061 8420 8635 8992 9216 9350 9502 9777 9973
29 40 627 966 1226 1564 1736 2084 2371 2694 2905 3331 3869 4379 4492 4864 5288 5509 5817 6154 6467 6791 7016 7213 7521 8135 8831 9079 9349 9579
28 41 651 988 1329 1643 1960 2435 2653 2916 3597 4015 4425 4636 5012 5444 5707 5944 6306 6517 6885 7142 7417 8005 8338 8803 9361 9629 9916
27 42 860 1225 1762 2156 2424 2639 2843 3358 4028 4308 4643 5097 5389 5804 6111 6309 6560 6865 7543 7886 8347 8662 9023 9281 9413 9761
27 43 738 974 1592 2121 2401 2769 3280 3457 3832 4148 4445 4672 5040 5292 5899 6182 6438 6898 7518 7845 8280 8646 8944 9143 9468 9748
28 44 569 1040 1349 1553 1708 1932 2057 2362 2775 3143 3403 3798 4222 4653 5307 5729 6251 6651 7228 7476 7739 8354 8605 8953 9093 9200 9842
29 45 355 732 1272 1494 1822 2311 2782 3118 3594 3883 4275 4754 4982 5402 5852 6103 6272 6493 6960 7314 7604 7922 8146 8656 8689 9206 9646 9988
30 46 714 1165 1544 1827 2062 2408 2604 2802 3275 3880 4033 4281 4666 4978 5334 5610 5972 6350 6584 6771 7074 7373 7735 8090 8502 8703 9077 9230 9462
27 47 832 1521 1891 2382 3037 3181 3456 3684 4014 4136 4382 4775 5153 5596 6050 6434 6605 6897 7140 7560 7857 8142 8451 8700 8996 9594
32 48 401 729 1260 1530 1929 2026 2367 2640 3033 3136 3396 3592 4104 4557 4993 5197 5379 5782 6086 6290 6827 7193 7446 7707 7953 8127 8577 9059 9392 9648 9978
28 49 664 1066 1568 1789 2022 2591 2717 3083 3264 3458 3932 4349 4650 4863 5181 5521 5913 6417 6597 6812 7351 7633 8153 8617 8971 9225 9812
27 50 386 649 1101 1699 2260 2972 3323 3505 3953 4411 4787 4997 5245 5636 6011 6363 6712 6979 7357 7536 7925 8161 8330 8815 9510 9821
31 51 444 632 1059 1427 1764 2107 2254 2574 2734 3048 3311 3497 3711 4026 4436 4724 5363 5641 5864 6332 6545 7043 7320 7533 8035 8492 8878 9305 9678 9875
26 52 814 1424 1719 2137 2622 2839 3219 3315 3613 4062 4399 4747 5066 5329 5726 5967 6426 6723 7083 7592 7943 8383 8723 9043 9861
29 53 785 1013 1347 1825 2131 2284 2535 2783 3193 3553 3902 4239 4484 4845 5387 5652 6118 6403 6738 7007 7443 7840 8226 8585 8789 9083 9649 9952
28 54 441 781 1359 1966 2180 2526 3012 3670 4080 4516 4902 5219 5716 5979 6345 6694 6900 7348 7747 8020 8132 8508 8713 8930 9129 9560 9990
29 55 576 801 1123 1364 1746 1918 2212 2699 2981 3437 3749 4094 4746 5142 5405 5683 6009 6267 6613 6982 7176 7496 7669 8185 8412 8793 9160 9551
25 56 669 1222 1593 1837 2255 2419 2849 3168 3418 3702 4067 4486 4860 5569 6110 6836 7160 7475 7875 8211 8450 8895 9338 9789
28 57 842 889 1423 1524 1747 2305 2541 2691 3203 3466 3703 3919 4274 4527 4782 5439 5708 5952 6180 6386 6619 7253 7644 7994 8458 9173 9535
29 58 529 837 1215 2048 2295 2571 2788 3075 3375 3794 4458 4703 5031 5459 5584 5806 6179 6453 7012 7199 7522 8062 8553 8797 8985 9154 9422 9742
28 59 564 973 1413 1848 2391 3010 3335 3746 4117 4526 4689 4991 5177 5590 5859 6000 6392 6648 6945 7225 7580 7675 8205 8541 8858 9167 9654
27 60 525 776 1333 1673 2072 2206 2448 2756 2947 3562 3910 4378 4580 4835 5047 5399 5809 6019 6516 7022 7528 8100 8654 9005 9304 9788
26 61 375 653 1167 1460 1902 2455 3142 3606 4036 4300 4894 5453 6193 6470 6555 7189 7565 7768 8012 8197 8644 8966 9157 9517 9817
29 62 621 914 1279 1688 1939 2265 2822 3077 3543 3874 4214 4599 4818 5331 5738 5998 6405 6870 7371 7540 7851 8089 8561 8711 8912 9137 9280 9806
27 63 453 791 1410 1669 2067 2527 2876 3202 3334 3673 4029 4771 5190 5737 6115 6244 6520 6725 7106 7425 8073 8418 8884 9105 9449 9791
28 64 667 1029 1332 1665 2214 2646 2983 3114 3565 3859 4077 4389 4529 5195 5675 5874 6153 6615 6947 7479 7887 8166 8554 8686 8883 9273 9327
31 65 374 659 970 1404 1937 2413 2721 3221 3465 3664 3856 4304 4708 4918 5158 5524 5799 6156 6448 6737 7131 7442 7855 8250 8517 8694 9033 9322 9577 9811
26 66 800 1441 2068 2670 2820 3138 3461 3894 4120 4257 4369 4712 4907 5386 5823 6198 6661 7050 7361 7966 8024 8423 8877 9310 9885
27 67 647 985 1266 1640 2008 2598 2967 3432 3506 3657 3925 4201 4772 5030 5310 5858 5996 6330 6650 7003 7302 7750 8222 8908 9465 9833
27 68 684 1270 1616 2036 2460 2781 3031 3307 3773 4110 4271 4583 4927 5266 5805 6042 6215 6739 7094 7651 8139 8721 9094 9407 9543 9846
30 69 536 650 1138 1520 1823 2129 2550 2711 3116 3521 3954 4122 4500 4783 5147 5463 5884 6031 6454 6880 7423 7573 7828 8102 8495 8612 8729 9370 9582
29 70 527 968 1398 1718 2197 2573 2755 3084 3620 3839 4221 4593 4925 5166 5368 5513 6089 6297 6568 6859 7104 7375 7714 8095 8558 9208 9497 9772
28 71 590 929 1129 1710 1846 2120 2650 3009 3262 3718 4131 4489 4763 5010 5491 5929 6296 6667 6939 7164 7569 8056 8300 8674 9107 9412 9637
29 72 540 820 1223 1648 2205 2415 2748 2912 3212 3270 3593 3985 4168 4307 4908 5345 5861 6195 6755 7122 7546 7864 8191 8600 8913 9301 9533 9905
29 73 378 677 783 1102 1635 1886 2390 2816 3190 3480 3811 4289 4723 4951 5084 5570 5791 6183 6582 7125 7657 7965 8427 8848 9044 9285 9564 9877
25 74 673 1052 1254 1697 2339 2743 3321 3680 4206 4424 4719 4858 5172 5655 6046 6483 6908 7155 7680 8066 8410 8717 9276 9823
30 75 611 1105 1158 1343 1548 1831 2181 2547 2801 3294 3698 3989 4427 4696 5120 5375 5786 6348 6847 7207 7589 7921 8148 8645 8940 9321 9443 9667 9879
29 76 472 799 1234 1630 2101 2572 2821 3027 3312 3581 3877 4376 4780 5586 5807 6164 6316 6608 6869 7376 7641 7877 8173 8524 8769 9245 9541 9640
26 77 516 1341 1935 2199 2645 3022 3226 3678 4054 4233 4740 5168 5374 5603 6225 6540 6899 7506 7799 8214 8356 8557 9115 9484 9845
26 78 616 1100 1258 1681 1910 2599 2995 3322 3734 4154 4494 4697 5174 5442 5856 6125 6430 6940 7196 7748 8058 8448 8891 9101 9525
28 79 593 890 1109 1510 1991 2298 2797 3090 3569 3962 4169 4391 4726 4871 5067 5438 5742 6446 6931 7262 7570 8071 8260 8616 8808 8941 9605
31 80 501 661 1034 1476 1672 1881 2191 2518 2796 3527 3700 4132 4314 4581 4986 5358 5689 6078 6376 6601 6877 7250 7632 7789 8240 8516 8754 9073 9223 9598
26 81 687 1256 1599 1906 2211 2683 3107 3243 3627 3981 4617 4987 5141 5539 5937 6184 6458 6623 7066 7355 7736 8218 8854 9179 9708
30 82 483 861 1396 1895 2285 2508 2828 3185 3433 3699 4071 4374 4854 5131 5395 5612 5844 6104 6459 6902 7198 7387 7686 8115 8430 8862 9134 9556 9979
27 83 711 997 1353 1833 2158 2489 2777 2953 3665 4009 4473 4748 5064 5462 5727 6199 6590 7020 7286 7491 7895 8342 8829 9070 9395 9852
27 84 588 1144 1320 1720 1873 2306 2625 3078 3578 3997 4303 4584 4970 5349 5566 5828 6335 6736 7151 7710 7881 8274 8632 8896 9621 9904
27 85 707 809 1055 1336 1555 1832 2182 2850 3230 3643 3973 4313 4693 5054 5820 6226 6455 6717 7058 7322 7819 8398 8638 8962 9427 9937
31 86 364 746 996 1245 1430 1700 2326 2696 3123 3596 3764 4089 4578 4900 5015 5243 5502 5769 6266 6621 6828 7093 7493 7765 7990 8223 8548 8959 9358 9743
29 87 737 1143 1552 1947 2243 2684 2809 3017 3180 3549 3742 4074 4793 5217 5510 5860 6161 6283 6685 7047 7325 7705 8008 8298 8593 8977 9475 9977
31 88 464 1183 1382 1511 1771 2159 2288 2659 2865 3261 3563 3829 4261 4665 4794 5124 5428 5877 6065 6362 6767 7152 7412 7762 7974 8137 8475 8699 9081 9680
24 89 547 1045 1537 1989 2207 2632 3165 3416 3993 4534 4839 5180 5668 5992 6188 6494 6977 7293 7568 8444 9074 9307 9755
28 90 439 927 1070 1216 1829 2328 2525 2939 3187 3640 4145 4678 5157 5454 5600 5837 6227 6544 6928 7232 7473 7903 8370 8880 9260 9439 9826
29 91 481 813 1355 1578 1925 2081 2330 2628 2879 3284 3689 4005 4330 4623 4977 5269 5391 5748 6102 6280 6887 7019 7524 7894 8436 8707 9311 9940
32 92 581 1042 1414 1557 1679 1980 2475 2663 3210 3536 3909 4360 4582 4882 5314 5656 5800 6038 6347 6672 6825 7136 7478 7760 7947 8152 8682 9068 9386 9767 9910
29 93 366 460 897 1137 1549 2015 2261 2644 3008 3379 3754 3850 4191 4295 4644 5089 5537 6064 6220 6618 7175 7529 7664 7870 8360 8675 8887 9729
29 94 368 495 859 1420 1842 2155 2397 2611 2815 2988 3343 3582 3933 4533 5205 5624 5867 6324 6727 7354 7839 8105 8255 8695 9063 9177 9544 9892
28 95 440 819 1079 1385 1618 1914 2315 2779 2846 3290 3509 3904 4116 4476 5116 5530 5758 5829 6107 6391 6838 7168 7731 8156 8626 9219 9581
26 96 845 1191 1702 2190 2517 2732 2927 3191 3479 3808 4284 4515 5038 5282 5749 6074 6589 7123 7460 7792 8256 8601 8879 9401 9889
33 97 755 1031 1149 1525 1951 2225 2510 2937 3169 3486 3668 3935 4199 4597 4846 5091 5295 5669 5895 6218 6612 6919 7114 7366 7868 8070 8309 8531 8806 8933 9328 9881
31 98 426 696 1090 1162 1657 1820 2019 2464 2619 2922 3419 3588 3768 4119 4503 4728 5255 5639 5882 6447 6896 7052 7336 7825 8276 8734 8957 9132 9334 9718
32 99 400 629 1000 1367 1738 1904 2297 2674 2845 3238 3320 3955 4078 4383 4776 5352 5616 6012 6390 6743 6973 7258 7420 7700 8003 8316 8519 8774 9242 9416 9756
26 100 548 984 1377 1857 2348 2904 3373 3855 4373 4621 4973 5455 5702 5863 6366 6660 6925 7195 7500 7737 8230 8622 9228 9527 9854
28 101 558 810 1046 1663 2050 2395 2824 3352 3882 4474 5173 5290 5682 5822 6037 6418 6690 7181 7370 7593 7973 8361 8470 8852 9240 9399 9900
27 102 636 1169 1674 2108 2335 2848 3341 3694 3924 4310 4634 5024 5212 5426 5983 6336 6653 6957 7441 7806 8042 8422 8730 9110 9387 9645
30 103 505 975 1185 1692 2092 2171 2322 2559 2858 3096 3496 3897 4377 4853 5039 5244 5517 5718 6077 6333 6637 7088 7388 7835 8536 8918 9426 9628 9886
29 104 580 911 1422 1709 2013 2483 2624 3006 3155 3522 3629 3889 4309 4889 5206 5390 5941 6327 6571 6874 7209 7349 7809 8221 8460 9004 9454 9985
28 105 352 476 915 1111 1241 1714 2270 2737 3160 3646 3937 4066 4451 4682 5144 5346 5951 6175 6573 7120 7625 7817 8196 8597 8798 9278 9687
26 106 690 1067 1770 2029 2266 2499 2808 3047 3390 3601 3864 4407 4905 5090 5515 5961 6512 6971 7384 7668 8054 8509 8965 9595 9969
33 107 429 916 1339 1631 2237 2480 2725 3146 3511 3803 4048 4253 4595 4842 5129 5323 5558 5970 6274 6557 6759 6798 7071 7261 7455 7869 8349 8759 8914 9151 9504 9868
34 108 411 912 1334 1644 1805 2093 2283 2548 2730 2952 3295 3638 3987 4326 4744 4937 5278 5514 5990 6116 6373 6765 7215 7622 7900 8312 8655 8950 9075 9315 9607 9744 9918
29 109 468 896 1179 1348 1609 2179 2478 2673 2977 3286 3748 3982 4291 4482 4827 5256 5740 6092 6400 6796 7218 7550 7891 8411 8817 9237 9440 9917
28 110 706 1114 1566 1969 2210 2746 3175 3614 3913 4367 4646 4975 5199 5587 5946 6145 6692 7001 7452 7636 7930 8246 8710 9015 9291 9618 9923
29 111 774 1099 1380 2017 2351 2772 3039 3182 3389 3663 4404 4850 4964 5274 5542 5824 6401 6665 6903 7278 7708 8157 8421 8606 8871 9210 9619 9741
29 112 749 1017 1419 1872 2083 2341 2519 2744 2921 3198 3605 3938 4188 4443 4851 5302 5645 5875 6223 6673 7183 7738 8004 8540 8735 9185 9513 9997
29 113 422 895 1220 1478 1911 2354 2795 3328 3535 3917 4144 4401 4731 5065 5424 5606 5980 6406 6572 6994 7179 7509 8079 8376 8784 9201 9624 9958
29 114 614 1027 1303 1664 2041 2189 2564 2946 3374 3641 3922 4342 4735 5016 5527 5904 6062 6273 6630 7013 7463 7780 8247 8545 8653 9289 9331 9746
28 115 450 834 1281 1574 1970 2183 2581 3122 3482 3948 4514 4856 5117 5413 5703 6049 6452 6684 7000 7486 7963 8358 8708 8937 9509 9632 9931
30 116 388 918 1296 1671 1916 2227 2463 2638 3032 3417 4109 4698 4960 5209 5532 6016 6196 6541 6663 7154 7418 7563 8057 8244 8348 8633 9141 9450 9891
28 117 789 952 1314 1633 2233 2477 2760 2928 3406 4008 4231 4439 4911 5418 6269 6762 6856 7121 7561 7759 7882 8457 8790 9097 9261 9720 9850
28 118 392 793 1397 1997 2128 2355 3019 3291 3621 4003 4250 4535 4873 5099 5552 5660 5927 6360 6803 6889 7345 7677 8151 8414 8778 9159 9531
28 119 597 1005 1164 1542 1922 2275 2614 3040 3399 3863 4232 4505 4824 4969 5211 5469 5868 6190 6760 7309 7538 7952 8130 8515 8809 9549 9882
31 120 356 904 1192 1529 1900 2333 2536 2789 3156 3642 3891 4333 4773 5264 5568 5985 6292 6562 6776 7109 7502 7932 8155 8343 8446 8678 9029 9356 9677 9851
26 121 594 967 1268 1621 2163 2506 2986 3340 3707 4166 4371 4810 5046 5560 5977 6194 6522 7065 7753 8242 8490 8741 8956 9368 9734
33 122 428 946 1208 1287 1583 1933 2049 2271 2407 2765 3229 3604 3810 4292 4655 4981 5179 5771 5906 6261 6716 6933 7270 7404 7655 7902 8279 8587 8833 9363 9803 9991
27 123 782 928 1328 1779 2402 2634 3276 3872 4019 4252 4628 5279 5630 5831 5984 6355 6595 6913 7252 7419 7773 8034 8533 8828 9187 9853
28 124 488 951 1384 1536 1948 2388 2647 2891 3410 3714 4113 4381 4750 5071 5591 5832 6197 6775 7014 7260 7648 8144 8243 8870 9155 9599 9841
28 125 478 731 1119 1358 1706 2059 2533 2980 3357 3662 4193 4518 4725 4950 5182 5547 5789 6249 6906 7170 7462 7988 8331 8709 9169 9676 9795
32 126 493 1037 1306 1775 1982 2384 2792 3147 3572 3944 4127 4331 4765 5017 5319 5611 5841 6169 6628 7048 7409 7689 7814 8083 8281 8594 8888 9207 9398 9604 9801
27 127 443 811 1354 1715 1953 2324 2481 2869 3235 3472 3760 4016 4499 4926 5436 5880 6247 6710 7177 7624 7931 8610 8794 9144 9472 9873
29 128 442 1048 1550 1867 2218 2468 2799 3154 3729 3886 4213 4570 5037 5250 6054 6622 6873 7075 7229 7335 7618 8059 8357 8578 8964 9330 9547 9816
29 129 607 1082 1363 1676 2035 2228 2676 3071 3273 3558 3639 4152 4437 5052 5382 5846 6235 6599 6843 7188 7572 7884 8055 8325 8590 9056 9552 9836
27 130 391 701 1213 1475 1924 2282 2520 2881 3305 3508 4021 4614 4899 5203 5649 6047 6370 6855 7267 7722 7970 8388 8650 8936 9262 9813
27 131 535 894 1244 1691 2378 2787 3173 3720 4143 4478 4768 5020 5283 5475 5650 6008 6631 7107 7334 7662 8074 8169 8473 8642 9172 9660
26 132 473 1181 1893 2257 2715 3043 3477 3847 4101 4670 5210 5458 6028 6212 6592 6893 7298 7587 7896 8258 8491 8748 9119 9425 9704
30 133 666 971 1318 1514 1908 2213 2485 2672 2785 3004 3392 3576 3988 4491 4686 5163 5486 5926 6207 6521 6811 7095 7612 8108 8323 8874 9336 9672 9971
30 134 469 1160 1463 1660 2006 2409 2740 3052 3251 3644 3972 4301 4814 5324 5825 6232 6456 6602 6850 7090 7350 7766 8040 8282 8435 8673 9095 9514 9976
28 135 628 1033 1362 1605 1871 2258 2479 2867 3184 3645 4082 4219 4338 4757 5506 5889 6221 6675 6901 7173 7557 8001 8397 8483 8876 9220 9490
31 136 363 603 917 1194 1717 1952 2471 2682 2974 3424 3842 4207 4592 4867 5215 5518 5923 6159 6574 6788 6995 7300 7530 7913 8227 8472 8716 8951 9232 9530
29 137 397 709 1063 1450 2184 2819 3172 3441 3755 4142 4464 4618 4943 5451 5836 5938 6174 6642 6841 7139 7507 7967 8285 8529 8943 9136 9417 9669
31 138 601 847 1121 1519 2175 2208 2442 2911 3285 3610 4042 4532 4870 5069 5230 5638 5893 6276 6462 6720 7028 7498 7805 8141 8315 8684 9142 9373 9558 9819
28 139 500 902 1122 1428 1806 2021 2688 2924 3247 3651 4146 4413 4822 5154 5545 5917 6206 6537 6809 7044 7307 7437 7778 8170 8346 9111 9548
29 140 508 833 1275 1527 1835 1986 2417 2840 3108 3380 3683 3907 4138 4517 4681 4965 5232 5798 6339 6567 6921 7316 7590 7804 8429 8791 9264 9831
28 141 644 1106 1471 1824 2096 2660 3132 3402 3709 4209 4590 4966 5170 5735 5918 6383 6676 6980 7408 7663 8048 8384 8696 9096 9364 9668 9920
25 142 420 831 1252 1698 2073 2505 2973 3268 3500 4020 4684 5061 5476 5954 6268 6539 6909 7434 7813 8311 8513 8816 9314 9805
25 143 609 933 1136 1429 1802 2469 2830 3054 3405 3821 4386 4919 5280 5785 5987 6490 7072 7791 8029 8350 8843 9164 9602 9865
32 144 437 725 1151 1425 1690 1944 2220 2316 2749 3062 3512 4098 4485 4743 4942 5336 5657 6189 6435 6860 7144 7385 7586 7785 7934 8317 8715 9102 9436 9580 9935
28 145 407 816 1134 1653 1923 2511 2726 3241 3499 3705 4174 4830 5328 5714 6023 6160 6497 6744 6892 7116 7597 7980 8467 8998 9209 9492 9731
29 146 531 788 1188 1585 2065 2450 2790 2888 3126 3459 3573 4023 4341 4796 4956 5597 5776 6356 6501 6912 7499 7958 8041 8518 8885 9072 9388 9675
33 147 387 608 1145 1444 1588 1813 2256 2537 3018 3381 3704 3878 4125 4412 4841 5126 5320 5632 6010 6310 6805 7085 7327 7706 8088 8231 8592 8740 9041 9161 9613 9874
29 148 697 1202 1484 1680 2296 2690 3110 3548 4093 4417 4467 4829 5130 5698 6140 6416 6868 7166 7317 7539 8031 8385 8534 9019 9274 9555 9908 9984
29 149 560 830 1157 1402 2069 2290 2805 2964 3250 3266 3487 3837 4481 4932 5404 5732 6087 6433 6950 7380 7724 7906 8198 8625 8987 9343 9542 9751
35 150 592 767 1024 1300 1610 1745 2219 2566 2818 3141 3359 3659 3831 3986 4262 4591 5104 5466 5755 6021 6398 6655 6935 7318 7577 7786 7908 8046 8299 8478 8920 9109 9589 9855
25 151 854 1243 1819 2152 2695 2887 3256 3574 4004 4480 4685 4872 5191 5665 6081 6496 6882 7241 7487 7941 8164 8426 9156 9572
27 152 555 1021 1370 1464 1793 2122 2396 2860 3301 3442 3712 4181 4569 5192 5561 5850 6143 6640 7010 7362 7986 8225 8768 9120 9438 9787
27 153 642 906 1142 1604 2012 2148 2719 3159 3450 3652 3918 4287 4608 5059 5473 5854 6534 7180 7403 7701 8091 8596 8866 9036 9452 9906
31 154 410 880 1218 1491 1687 2097 2279 2608 2806 3149 3513 3943 4208 4550 5055 5257 5812 6200 6451 6768 7245 7787 7992 8305 8629 8905 9150 9433 9661 9907
29 155 641 957 1531 1742 2112 2472 2948 3404 3873 4198 4601 4758 4952 5107 5429 5808 6358 6624 7049 7301 7549 7776 8208 8480 8782 9212 9446 9798
28 156 370 568 1299 1523 2095 2422 2712 3144 3302 3570 3959 4258 4885 5171 5783 6129 6379 6848 7081 7410 7620 8128 8306 8663 9051 9689 9942
28 157 794 1097 1307 1761 2061 2304 2594 2999 3174 3483 3737 4269 4631 5150 5371 5835 6233 6632 6866 7435 7746 8064 8308 8902 9204 9671 9911
26 158 522 1023 1395 1730 2098 2523 2895 3446 3633 4170 4679 5003 5356 5757 5966 6460 7051 7468 7861 8087 8607 8923 9153 9396 9683
29 159 662 1030 1271 1727 2146 2502 3063 3177 3478 3767 4161 4649 4859 5326 5598 5919 6073 6610 7060 7368 7858 8123 8296 8676 9060 9377 9797 9962
27 160 454 780 1352 1796 2118 2444 3347 3780 3990 4248 4669 5112 5325 5499 5833 6124 6486 6745 6823 7133 7431 7665 8072 8432 8973 9389
29 161 573 1012 1190 1490 1884 2250 2405 2747 3091 3384 3676 4134 4520 5028 5511 5866 6308 6818 7134 7453 7803 7915 8239 8510 9065 9184 9546 9779
30 162 686 1309 1678 2005 2358 2919 3117 3408 3628 3823 4072 4332 4613 5057 5571 6114 6231 6849 7077 7292 7389 7483 7732 8233 8500 8955 9290 9470 9635
31 163 408 713 865 1159 1513 1950 2157 2451 2877 3104 3281 3579 3927 4236 4624 4868 5005 5270 5526 5819 6229 6682 7078 7432 7702 8172 8580 8766 9087 9559
28 164 700 1204 1547 1737 2014 2641 3152 3463 3786 4162 4419 4722 5011 5187 5479 6166 6289 6598 6943 7324 7796 8278 8488 8704 9069 9404 9869
30 165 518 798 1089 1361 1725 1977 2493 2854 3020 3272 3757 4011 4215 4637 5098 5299 5754 6131 6635 7089 7413 7695 7914 8103 8372 8637 8927 9163 9587
30 166 413 685 908 1141 1259 1534 1958 2235 2562 2880 3201 3421 3875 4112 4788 5149 5380 5935 6170 6578 7211 7623 8261 8783 8903 9224 9477 9606 9730
27 167 455 855 1308 1957 2167 2370 2791 3360 3761 4238 4522 4699 4974 5421 5768 5962 6270 6740 6958 7464 7621 8117 8651 9124 9463 9736
32 168 357 513 940 1224 1408 1926 2352 2687 3025 3278 3739 3975 4286 4346 4641 4855 5100 5500 5797 6380 6749 6941 7156 7575 7879 8318 8690 9147 9385 9612 9749
29 169 769 1001 1199 1440 1636 2154 2509 2925 3514 3836 4032 4881 5348 5605 6014 6248 6570 6951 7113 7428 7653 7901 8150 8456 9114 9384 9653 9986
28 170 404 665 1035 1315 1489 1783 2161 2512 2773 3153 3686 4296 4668 4896 5335 5784 6099 6495 6839 7202 7616 7920 8162 8504 8845 9282 9781
29 171 565 1008 1133 1466 1772 2193 2437 2664 2968 3329 3656 3901 4409 4574 5050 5497 6057 6519 6867 7257 7638 7836 8378 8683 8863 8907 9229 9866
27 172 398 885 1094 1368 1517 1821 2291 2648 3186 3674 4217 4448 4700 4917 5343 5690 5931 6425 6835 7240 7779 8438 8720 9227 9295 9884
28 173 739 1438 1668 1882 1972 2425 2804 3119 3407 3719 3820 4085 4544 4968 5367 5734 6024 6334 6644 7080 7344 7757 8262 8671 8869 9176 9712
29 174 680 938 1284 1572 1801 2200 2612 3016 3246 3866 4312 4803 5347 5508 5801 6052 6420 6666 6974 7284 7596 7863 8266 8499 8667 9125 9499 9752
32 175 458 787 987 1487 1646 1799 2262 2404 2710 2813 3070 3428 3817 4230 4428 4749 5049 5297 5788 6237 6616 6907 7280 7607 8236 8392 8631 8946 9275 9567 9830
25 176 538 846 1081 1620 2055 2467 3111 3259 3813 4237 4706 5077 5644 6033 6482 6984 7127 7360 7756 8032 8581 8928 9391 9693
32 177 552 1051 1512 1784 2169 2642 3061 3366 3564 3947 4202 4523 4673 5062 5218 5557 5811 6176 6329 6542 6967 7381 7767 8093 8283 8630 8811 9039 9382 9738 9948
29 178 520 773 1177 1483 1689 2185 2456 2918 3176 3468 3940 4204 4463 4862 5365 5981 6319 6654 6819 7382 7666 7924 8549 8647 9089 9344 9367 9633
28 179 523 805 1135 1615 2074 2556 3099 3447 3790 4216 4616 5161 5437 5857 6219 6346 6920 7449 7713 8019 8199 8381 8745 9027 9193 9627 9980
31 180 510 718 1265 1526 1890 2113 2433 2563 2966 3269 3518 3789 4061 4235 4568 4875 5415 5891 6313 6614 6878 7032 7391 7850 8229 8417 8761 9235 9529 9867
26 181 828 934 1086 1498 1696 2102 2605 2889 3085 3310 3838 4092 4372 4625 5106 5531 6088 6443 6983 7310 7904 8476 9099 9461 9993
30 182 504 839 1147 1405 1619 2094 2487 2951 3199 3411 3666 3846 4006 4251 4612 5184 5697 6018 6262 6576 6840 7148 7578 7794 8174 8724 8952 9297 9673
32 183 412 712 972 1310 1629 2221 2780 3195 3550 3691 3952 4171 4460 4498 4727 4985 5373 5648 6246 6730 7174 7566 8028 8334 8568 8875 9186 9442 9665 9727 9938
24 184 808 1197 1493 2052 2309 2827 3378 4040 4455 4798 5261 5678 6208 6680 6944 7330 7764 8013 8489 8825 9217 9403 9859
33 185 463 743 1173 1614 1968 2334 2436 2831 3218 3338 3619 3857 4220 4449 4739 5074 5364 5633 5887 6097 6530 6772 7111 7470 7798 7996 8206 8591 9013 9312 9586 9818
26 186 351 939 1127 1606 2114 2546 3129 3685 4069 4288 4718 5122 5750 6224 6799 7018 7251 7567 7918 8344 8670 8897 9034 9190 9790
27 187 436 766 1186 1448 1625 1996 2400 2610 2870 3171 3930 4255 4571 4759 5370 5637 6002 6242 6499 6932 7445 7769 8096 8763 9554 9794
27 188 956 1452 1675 2009 2490 2613 2920 3423 3792 4059 4402 4857 5175 5393 6005 6113 6258 6463 6826 7272 7427 7897 8329 8975 9526 9939
29 189 449 654 873 1153 1587 1949 2299 2651 2724 2960 3391 3717 3906 4319 4660 4984 5408 5816 6157 6801 7108 7551 7907 8212 8493 8836 9257 9471
30 190 549 899 1168 1316 1532 2053 2369 2603 2926 3213 3566 3783 4056 4394 4781 5076 5312 5553 5849 6323 6625 7149 7652 7959 8369 8935 9197 9357 9706
28 191 502 874 1004 1154 1777 2099 2761 2943 3151 3367 3774 4076 4430 4795 5086 5353 5574 6058 6471 7067 7415 7699 8016 8526 9064 9354 9849
28 192 674 1247 1611 2117 2308 2602 2907 3434 3752 4203 4423 4909 5234 5448 5763 6165 6397 6587 6879 7249 7510 7916 8271 8582 8850 9162 9506
26 193 360 676 1155 1545 1686 1963 2593 2826 3362 3692 3979 4459 4658 4895 5159 5482 5910 6506 7117 7585 8027 8619 9086 9537 9957
31 194 557 722 989 1426 1741 1885 2104 2281 2615 2941 3121 3254 3383 3538 3843 4163 4421 4683 5216 5995 6507 6952 7364 7993 8366 8743 9199 9456 9600 9824
24 195 736 1324 1650 1864 1987 2253 2579 3080 3608 4102 4556 4791 5127 5488 6015 6367 6600 7244 7734 8176 8463 8901 9523
30 196 553 955 1293 1865 2332 2553 2798 3283 3690 4047 4266 4468 4645 4892 5246 5540 5795 6148 6565 6862 7238 7396 7682 8320 8738 9040 9420 9590 9956
29 197 358 574 871 1174 1504 1979 2318 2597 2989 3526 3667 4001 4549 4852 5247 5478 6109 6402 6831 7038 7313 7717 8097 8322 8688 9265 9611 9995
31 198 727 990 1290 1662 1844 2080 2429 2759 3068 3501 3778 3961 4130 4405 4762 5414 5659 5885 6203 6523 6936 7103 7489 7793 7961 8107 8269 8752 9214 9834
31 199 372 652 977 1238 1508 1807 2011 2482 2803 3013 3337 3583 3928 4384 4804 4988 5311 5528 5746 6093 6256 6756 7383 7588 8039 8479 8787 9188 9593 9961
29 200 602 1022 1126 1479 1930 2410 3056 3299 3681 4037 4477 4675 5019 5185 5581 5908 6252 6731 7063 7399 7542 7890 8022 8267 8819 8986 9103 9623
29 201 396 613 853 1433 1921 2142 2426 3049 3530 3912 4212 4547 4756 5032 5231 5559 5843 6321 6547 6821 7163 7595 8101 8718 8844 9182 9406 9740
29 202 672 882 1373 1814 2140 2738 3000 3345 3833 4064 4530 5023 5304 5792 6001 6185 6349 6645 6924 7311 7556 7928 8254 8573 9243 9614 9807 9943
32 203 470 777 1041 1375 1800 2201 2569 2956 3332 3602 3984 4105 4729 4920 5194 5467 5679 5872 6353 6709 7021 7393 7721 8076 8359 8615 9017 9254 9447 9636 9951
29 204 477 1207 1602 1915 2234 2731 2990 3425 3782 4364 4705 5029 5617 6040 6399 6480 6711 6938 7273 7761 7917 8292 8521 8658 8889 9226 9511 9932
28 205 824 1049 1312 1757 1961 2575 3100 3253 3763 3992 4297 4948 5260 5431 5706 5947 6304 7055 7525 7830 8122 8559 8785 9149 9478 9701 9933
33 206 490 587 728 1025 1263 1721 1841 2346 2768 3046 3492 3617 3887 4172 4395 4667 4878 5258 5460 5613 5925 6301 6652 7033 7190 7576 8060 8525 8792 9194 9494 9936
29 207 528 1044 1654 1941 2239 2693 3050 3304 3733 3898 4156 4422 4563 4817 5101 5465 5794 6090 6395 6891 7203 7553 8159 8512 8804 9405 9725 9909
27 208 419 852 1288 1598 2389 2842 3161 3471 3762 4088 4414 4945 5273 5551 6083 6450 6783 7092 7372 7936 8113 8604 8894 9203 9557 9762
29 209 399 630 943 1516 1809 2246 2763 3086 3469 3799 3991 4438 4786 5189 5546 5853 6053 6388 6785 7102 7582 7957 8069 8289 8565 8921 9329 9768
27 210 384 678 884 1112 1411 1845 2459 2685 3074 3303 3849 4107 4603 5002 5582 6080 6528 6905 7400 7661 8118 8332 8764 8958 9341 9888
29 211 695 919 1297 1860 2226 2557 2823 3164 3745 4153 4465 4805 5132 5376 5589 5903 6158 6431 6834 7005 7574 7788 8287 8679 8988 9233 9705 9987
28 212 434 867 1062 1351 1729 2160 2713 3007 3660 3934 4322 4488 4629 4802 5237 5544 5751 6006 6410 6911 7242 7758 8068 8575 8995 9464 9785
28 213 931 1342 1744 2139 2810 3577 3949 4095 4552 4869 4972 5249 5711 5934 6442 6790 6918 7277 7554 8149 8424 8627 8800 9000 9496 9662 9903
30 214 485 719 1083 1390 1685 2066 2501 2626 2936 3197 3510 3784 4079 4573 4825 4876 5148 5565 5902 6487 6708 7287 7704 7940 8202 8812 9047 9466 9835
33 215 438 670 1128 1634 1816 2090 2338 2589 2932 3222 3551 3828 4190 4545 4761 4990 5294 5756 5940 6117 6312 6894 7306 7626 8133 8326 8570 8767 8947 9352 9784 9897
29 216 484 761 1156 1576 2046 2380 2863 3217 3647 4121 4496 5036 5339 5821 6051 6311 6475 6564 6817 7430 7846 8043 8273 8814 8911 9339 9576 9796
28 217 640 963 1406 1713 2111 2387 2652 3028 3106 3575 4167 4600 4976 5446 5870 6318 6532 6734 7226 7411 7465 7594 7822 8192 8579 8859 9578
31 218 496 775 1115 1277 1556 1812 2412 2767 3134 3398 3591 3983 4555 4808 5113 5332 5717 5968 6257 6566 6780 7110 7416 7784 7883 8328 8602 9078 9571 9926
27 219 637 937 1201 1782 1988 2241 2618 3015 3242 3732 4090 4487 5109 5351 5468 5974 6440 6707 6961 7214 7637 7912 8251 8744 9166 9698
23 220 948 1571 2031 2439 2873 3277 3835 4244 4345 4588 4707 5092 5492 5781 6423 6754 7490 8215 8664 9191 9378 9713
29 221 509 715 1085 1465 1754 2173 2276 2658 2949 3313 3587 3999 4329 4493 4933 5058 5494 5950 6277 6871 7276 7642 7889 7997 8474 8837 9371 9928
28 222 403 617 1078 1497 1811 2361 2811 3145 3388 3624 4091 4352 4607 5072 5851 6137 6538 6890 7235 7482 7929 8163 8454 8747 8926 9117 9711
33 223 656 872 1180 1570 1898 2374 2568 2698 2794 3098 3376 3542 3920 4247 4540 4916 5044 5327 5739 5965 6326 6561 6886 7303 7684 7975 8374 8613 8867 9135 9481 9775
27 224 445 862 1481 1682 2079 2484 3133 3371 3696 4218 4513 4730 5223 5504 5664 5810 6061 6291 6989 7305 7777 8238 8595 8984 9309 9964
27 225 532 986 1200 1541 1756 2398 2671 3130 3616 3853 4562 4955 5263 5445 5761 5957 6389 6488 6916 7363 8006 8387 8765 9123 9351 9553
28 226 619 1098 1579 1862 2064 2377 2965 3464 3957 4195 4353 4542 4921 5275 5905 6241 6527 6830 7329 7723 8220 8505 8680 9128 9346 9666 9863
29 227 369 645 1038 1439 2043 2406 2901 3079 3342 3701 4273 4579 4912 5167 5628 5921 6146 6633 6987 7386 7795 8184 8431 8732 9006 9325 9690 9901
28 228 418 827 1257 1340 1909 2403 2680 2896 3189 3735 4057 4363 4745 4980 5536 6108 6479 6794 6969 7162 7444 7752 8270 8571 9170 9444 9643
30 229 721 907 1432 1774 2165 2393 2554 2859 3093 3228 3580 3950 4052 4466 4738 5083 5301 5723 5930 6236 6478 6998 7523 7873 8264 8813 9306 9534 9684
27 230 579 1060 1360 1666 2115 2616 2902 3524 3879 4242 4551 4778 5143 5397 5572 6059 6485 6750 7359 7801 8065 8614 9045 9348 9630 9828
25 231 752 1229 1836 2215 2551 2892 3094 3540 3876 4053 4299 4504 5063 5583 6123 6677 7161 7459 8015 8399 8733 9158 9573 9871
27 232 524 883 1543 1855 2240 2636 2958 3216 3728 4087 4337 4676 4931 5196 5654 6128 6502 6735 7039 7395 7812 7910 8428 8776 9255 9625
29 233 519 843 1378 1642 1894 2177 2320 2631 3082 3557 3822 4049 4531 4938 5316 5764 6134 6331 6691 7146 7687 8033 8400 8847 9053 9460 9692 9983
28 234 451 639 1184 1459 1808 2110 2667 2994 3287 3804 4118 4548 4799 5103 5285 5959 6240 6636 7054 7392 7685 8175 8443 8821 9263 9608 9894
29 235 615 982 1374 1502 1839 1903 2126 2394 2915 3429 3865 4278 4511 4767 5229 5464 5787 6147 6260 6700 6861 7099 7458 7808 8017 8380 9035 9760
27 236 406 760 1050 1569 1901 2267 2623 3239 3623 3802 4196 4546 4816 4992 5538 5827 6580 6946 7208 7559 8026 8416 8853 9196 9355 9651
27 237 658 923 1376 1943 2203 2465 2931 3288 3612 3911 4357 4662 5162 5575 6071 6509 6997 7323 7697 7847 8249 8685 8939 9430 9532 9925
28 238 543 772 1182 1379 1594 1889 2151 2561 3064 3316 3805 4099 4539 4652 5165 5394 5663 5896 6591 7002 7236 7581 8119 8434 8691 9347 9838
26 239 584 981 1193 1418 1638 1938 2274 2454 2910 3445 3852 4126 4538 4967 5425 5779 6163 6428 6948 7602 8189 8799 9222 9717 9856
30 240 421 724 921 1346 1492 1965 2236 2707 2897 3393 3816 3978 4224 4626 4947 5321 5432 5741 6307 6761 7137 7456 7899 8514 9048 9195 9538 9691 9895
27 241 583 850 1118 1454 1985 2147 2635 2882 3537 3893 4096 4475 4800 5341 5563 5912 6407 6670 7315 7584 7826 8134 8507 8898 9337 9488
26 242 657 886 1233 1624 2303 2706 2998 3502 3650 3915 4175 4585 5096 5592 5971 6216 6686 7098 7255 7640 7831 8052 8574 9084 9381
24 243 959 1235 1485 1971 2287 2776 3333 3858 4321 4479 4946 5360 6204 6378 6854 7130 7433 7871 8200 8543 9082 9402 9688
25 244 578 1080 1311 1701 2003 2629 3076 3263 3914 4249 4692 4922 5220 5699 5839 6340 6747 7171 7438 7938 8503 8757 9318 9959
32 245 826 922 1007 1551 1843 2032 2385 2705 2942 3326 3634 3791 4157 4664 5025 5434 5815 6168 6689 6915 7128 7519 7683 8047 8484 8623 8725 9031 9294 9657 9919
29 246 431 582 803 1125 1442 2018 2379 2718 2872 3386 3848 4043 4420 4753 5114 5384 5631 6371 6748 6978 7263 7631 7960 8324 8564 8860 9287 9782
29 247 815 905 1261 1866 2462 2929 3346 3779 3945 4147 4543 4677 5018 5433 5772 6172 6581 6820 7119 7343 7647 8245 8481 8820 9174 9266 9459 9610
27 248 467 740 1032 1655 1993 2292 2716 3248 3438 3751 4150 4654 4949 5276 5939 6282 6465 6930 7222 7615 7969 8252 8669 8919 9379 9723
26 249 544 901 1421 1538 2025 2668 3317 3618 3824 4141 4350 4819 5534 5907 6271 6669 7070 7606 7985 8310 8649 9221 9479 9814 9915
29 250 479 744 942 1446 1677 2040 2703 3023 3336 3661 3825 4335 4713 5277 5449 6045 6671 6863 7096 7406 7848 8082 8391 8756 8945 9253 9319 9663
27 251 507 856 1130 1562 2251 2411 2807 3231 3603 3921 4184 4433 4840 5048 5228 5512 5911 6503 6815 7402 7962 8272 8636 9038 9458 9780
28 252 474 663 869 1449 1919 2428 2666 3115 3503 3923 4418 4733 4874 5340 5634 5928 6264 6656 6751 7191 7688 7926 8138 8404 8755 9453 9745
27 253 503 851 1472 1748 1990 2222 2665 3060 3724 4318 4832 5045 5483 5622 5949 6230 6518 6813 6993 7352 7534 8075 8712 9003 9435 9966
32 254 382 768 1209 1659 1856 1954 2058 2495 2750 2979 3095 3368 3697 3974 4410 5188 5555 5796 6181 6441 6917 7084 7394 7619 7933 8207 8486 8968 9419 9699 9954
26 255 626 1152 1667 1853 2414 2754 3170 3654 3977 4415 4769 5265 5487 5879 6096 6586 6816 7097 7742 7945 8396 8652 9026 9469 9638
28 256 631 1103 1755 2076 2135 2609 2841 3309 3519 3896 4164 4447 4766 5043 5322 5495 5969 6122 6377 6844 7429 7656 8136 8576 8849 9236 9754
29 257 720 1124 1337 1561 1818 2127 2532 2862 3296 3695 4097 4400 4806 5287 5573 6017 6372 6489 6779 6949 7079 7531 7852 8077 8482 9021 9434 9766
31 258 792 1054 1412 1751 1936 2192 2552 2996 3350 3708 4108 4366 4620 5042 5372 5673 5840 6020 6341 6498 6704 7068 7299 7548 7763 7950 8462 9042 9451 9737
33 259 599 840 1163 1325 1507 1861 2144 2286 2722 3089 3451 3775 4081 4483 4928 5241 5550 5693 5890 6075 6343 6641 7025 7353 7617 7892 8193 8639 8963 9340 9483 9724
29 260 571 1003 1623 1917 2418 2774 3306 3528 3888 4068 4316 4716 5140 5222 5400 5671 6004 6359 6688 6914 7295 7729 8081 8538 8904 9145 9332 9753
23 261 812 1015 1317 1577 1945 2466 2853 3072 3430 4279 4611 5111 5607 5948 6284 6806 7223 7790 8301 8770 9583 9890
30 262 623 903 1282 1645 2085 2497 2704 3158 3409 3653 3793 4044 4435 4638 5105 5420 5834 6139 6468 6746 6929 7290 7755 8143 8731 8981 9258 9476 9658
30 263 405 795 1028 1457 1792 2132 2596 2874 3385 3771 4007 4260 4380 4659 4823 5080 5456 5793 6098 6603 7082 7275 7516 7876 8407 8807 9133 9524 9783
23 264 745 1117 1600 1984 2196 2375 2930 3743 4194 4639 5252 5594 5978 6427 6626 6942 7145 7628 7821 8277 8838 9335
27 265 679 778 1018 1573 1705 2034 2662 3042 3730 3958 4339 4589 4906 5253 5595 6210 6681 7101 7564 7838 8125 8403 8701 9178 9592 9870
28 266 572 849 969 1269 1528 1733 1978 2486 3058 3279 3797 4426 4930 5289 5721 5898 6234 6554 6713 6991 7230 7775 8195 8506 8772 9288 9568
30 267 537 704 888 1416 1763 2087 2620 2944 3208 3529 3890 4387 4536 4884 5201 5766 6044 6588 6781 7147 7332 7608 8044 8471 8822 9061 9308 9507 9682
28 268 452 633 881 1172 1591 2004 2473 2752 3014 3489 3747 4025 4270 4671 4891 5204 5567 5774 6295 6668 6975 7650 8290 8728 9302 9674 9963
24 269 758 1146 1469 1887 2420 2702 3427 3818 4388 4694 5317 5775 6127 6415 6881 7216 7407 7667 8009 8336 8839 9092 9550
27 270 471 779 1047 1330 2070 2399 2735 3109 3330 3560 3971 4429 4837 5078 5564 5894 6375 6585 6784 7321 7833 8209 8586 8886 9256 9652
29 271 433 595 926 1096 1580 2010 2386 2606 2886 3370 3626 4013 4627 5070 5490 5814 6029 6275 6575 6910 7281 7727 8104 8496 8861 9270 9570 9860
27 272 825 949 1319 1707 1791 2054 2494 3127 3555 4038 4351 4764 5503 5710 6060 6245 6664 7062 7233 7308 7654 8037 8373 8932 9562 9876
27 273 447 879 1369 1803 2216 2959 3292 3622 3931 4385 4610 5027 5681 5973 6385 6683 7024 7087 7471 7948 8228 8477 8788 9298 9622 9946
29 274 416 751 932 1232 1488 1870 2209 2491 2771 3232 3727 4315 4598 4737 4994 5543 5724 6217 6658 6842 7153 7694 8038 8335 8846 9076 9393 9764
26 275 432 618 1113 1468 1810 1962 2245 2709 3124 3300 3868 4240 4640 4979 5359 5881 6303 6922 7454 7888 8437 8857 9286 9647 9994
28 276 556 898 1195 1409 1780 2028 2312 2833 3245 3635 3998 4354 4630 4838 5225 5625 5986 6444 6696 7186 7634 7982 8045 8415 8924 9272 9642
33 277 425 703 870 1187 1399 1626 1878 2178 2349 2838 3255 3493 3795 4320 4714 5094 5183 5350 5720 5999 6121 6382 6639 6972 7217 7591 8086 8551 8760 9007 9365 9832
29 278 415 716 1093 1321 1649 1765 2103 2277 2621 3005 3364 3892 4283 4656 4995 5378 5677 6095 6550 6777 7126 7283 7526 7949 8363 8864 9130 9545
30 279 554 748 1228 1628 2293 2669 3044 3271 3682 3980 4431 4741 5119 5412 6055 6365 6857 7266 7485 7810 8002 8182 8449 8742 9022 9198 9345 9609 9883
30 280 517 950 1219 1455 1632 1905 2345 2492 2955 3325 3658 4022 4470 4809 5006 5401 5640 6027 6436 6864 7157 7447 7674 7937 8393 8856 9180 9516 9912
25 281 542 893 1431 1854 2172 2565 2890 3260 3609 4343 4734 5156 5427 5687 6039 6646 7268 7672 8051 8295 8775 9181 9400 9603
27 282 821 1389 1735 2202 2577 2786 3431 3715 4115 4453 5041 5284 5672 6007 6394 6701 7031 7337 7505 7741 8178 8572 8900 9563 9896 9975
27 283 354 591 964 1305 1596 2037 2392 2643 3157 3725 3964 4280 4695 5306 5865 6413 6732 6959 7187 7440 7911 8257 8624 9140 9703 9967
27 284 534 693 958 1302 1797 2592 2971 3353 3881 4046 4336 4770 5022 5296 5869 6514 6729 7034 7289 7439 7720 7968 8419 8532 9112 9482
26 285 741 1006 1458 1786 2125 2430 2985 3356 3706 4277 4604 4915 5135 5580 5743 6167 6484 6832 7205 7678 8179 8440 8980 9383 9639
29 286 480 900 1087 1280 1712 2024 2323 2764 2991 3452 4002 4306 4657 4847 5014 5419 5818 6063 6396 6804 7124 7256 7421 7733 7867 8441 8805 9397
30 287 605 717 1016 1356 1868 2188 2507 2871 3448 3809 4103 4396 4572 5087 5691 6178 6474 6895 7231 7504 7802 7951 8263 8498 8660 9085 9596 9733 9982
34 288 589 844 1175 1581 1883 2088 2360 2656 3196 3598 3731 3963 4362 4651 4953 5303 5423 5556 5680 5958 6255 6364 6607 6927 7200 7515 7827 8219 8659 8841 9067 9522 9771
29 289 377 625 864 1077 1474 1711 2164 2488 2885 3207 3377 3854 4265 4742 4999 5318 5725 5830 6259 6469 6955 7169 7495 8120 8550 8893 9238 9520
28 290 462 762 999 1217 1766 2056 2166 2302 2588 3233 3541 3851 4272 4843 5221 5943 6288 6553 6926 7143 7646 7820 8253 8459 9028 9634 9974
26 291 492 924 1198 1661 2432 2583 2954 3267 3844 4227 4575 4913 5291 5474 5523 5760 6152 6695 7150 7643 7905 8288 8961 9241 9664
28 292 446 1132 1344 1768 2016 2522 2733 2969 3194 3559 3895 4328 4710 4998 5493 5713 6151 6579 6773 7204 7457 7658 7862 8186 8560 8982 9423
28 293 461 976 1437 1920 2327 2449 2884 3092 3590 3929 4128 4566 5075 5457 5752 5876 6202 6531 6782 7069 7579 7946 8140 8511 9012 9323 9650
30 294 586 770 1020 1436 1956 2273 2758 3150 3369 3769 4211 4323 4831 5213 5520 5700 6094 6254 6609 6965 7347 7844 8126 8589 8865 9032 9518 9810 9992
29 295 784 823 1171 1639 2242 2427 2637 2778 3224 3631 3996 4200 4512 4924 5562 5802 6352 6634 6888 7319 7849 8098 8364 8681 8972 9252 9569 9857
30 296 466 1110 1372 1794 2023 2340 2543 3030 3344 3776 4041 4406 4715 4848 5151 5519 5901 6085 6325 6846 7247 7544 7989 8129 8445 8795 9131 9508 9858
30 297 379 530 750 1205 1518 1981 2365 2677 2961 3215 3435 3636 4027 4519 4939 5152 5501 5621 5888 6228 6757 7037 7291 7513 8030 8408 8834 9317 9722
28 298 689 1283 1732 2124 2331 2793 2997 3200 3585 3899 4197 4403 4751 5115 5330 5780 5900 6003 6250 6526 7227 7783 8168 8319 8485 9218 9921
29 299 376 561 797 1371 1651 1995 2278 2934 3225 3395 3738 4083 4784 5123 5300 5618 6162 6472 6721 6953 7172 7716 8000 8351 8750 8983 9429 9715
26 300 456 835 1237 1724 2373 3038 3436 3926 4186 4606 4940 5588 5759 6036 6253 6505 6793 7040 7333 7782 8355 8569 9146 9292 9493
26 301 367 567 920 1262 1847 2224 2441 2580 2898 3205 3615 4114 4497 4944 5666 6286 6515 6964 7492 8014 8401 8672 9244 9498 9968
26 302 539 836 1139 1522 1974 2383 2675 3021 3547 4065 4510 4936 5240 5838 6186 6722 6981 7356 7676 8080 8386 8698 8931 9353 9848
28 303 559 925 1196 1584 1852 2194 2697 3308 3688 4012 4525 4890 5200 5602 5704 6191 6437 6742 7165 7600 8154 8468 8641 9139 9457 9641 9965
25 304 498 993 1486 1826 2269 2549 2945 3297 3607 4205 4521 4632 5198 5599 6030 6322 6577 7178 7691 7995 8598 8722 9267 9721
30 305 764 935 1140 1589 2133 2542 2938 3227 3462 3630 4034 4461 4811 5267 5477 6025 6408 6477 6810 7436 7984 8291 8544 8714 9066 9316 9432 9820 9999
27 306 622 1116 1740 2082 2313 2770 3105 3490 3740 3995 4189 4416 4680 4962 5385 5744 6130 6302 6569 7026 7390 7744 8302 8910 9360 9829
27 307 796 1069 1345 1608 1874 2232 2847 3265 3567 3862 4159 4390 4647 5272 5790 6069 6315 6703 7105 7629 7999 8562 8960 9100 9441 9597
30 308 596 1076 1289 1590 1967 2357 2607 2963 3426 3568 3941 4210 4559 4903 5224 5667 6070 6535 6883 6963 7326 7545 8109 8537 8824 9106 9566 9770 9924
28 309 499 863 1323 1613 2116 2445 2878 3355 3716 4000 4375 4954 5315 5731 5976 6192 6429 6753 6986 7312 7718 8286 8535 8719 9037 9437 9843
32 310 526 936 1304 1540 1973 2244 2368 2584 2894 3209 3401 3494 3976 4347 4615 4963 5369 5620 5955 6354 6884 7254 7448 7800 8216 8442 8692 8906 9380 9765 9998
29 311 512 1056 1248 1554 1838 2247 2689 3003 3382 3531 3726 3960 4359 4812 5176 5753 6013 6120 6374 6853 7220 7627 7878 8461 8851 9049 9239 9726
28 312 692 1276 1453 1975 2252 2903 3204 3498 3796 4176 4450 4709 4866 5507 5842 6243 6432 6858 7378 7679 7972 8321 8826 9050 9284 9626 9808
27 313 577 980 1291 1496 1798 2020 2521 2908 3348 3772 4075 4702 5102 5366 5411 5914 6381 6638 7029 7328 7740 8147 8413 8974 9512 9949
30 314 385 698 1108 1326 1586 2153 2570 2875 3179 3637 4051 4507 5236 5484 5747 6034 6213 6715 6875 7042 7562 7711 7976 8501 8739 9127 9303 9696 9799
31 315 817 1178 1597 1955 2531 2657 3001 3113 3443 3687 4192 4528 4821 5286 5480 5623 5953 6481 6705 6966 7304 7603 7874 7939 8203 8609 8749 9205 9585 9930
32 316 353 497 875 1189 1392 1840 2086 2272 2421 2829 2992 3515 3766 4111 4267 4602 5009 5309 5674 6068 6317 6552 7035 7450 7964 8375 8487 8818 9024 9681 9955
28 317 604 1295 1403 1750 2100 2353 2728 2844 3206 3453 3969 4223 4605 5133 5481 5736 6144 6504 7017 7466 7660 7998 8406 8603 8954 9326 9804
28 318 491 965 1386 1869 2136 2458 2681 3240 3413 3672 4140 4541 4929 5342 5653 5975 6211 6985 7296 7537 7866 8210 8447 8942 9359 9655 9825
28 319 598 1088 1327 1684 2038 2248 2587 2757 3081 3669 3946 4587 4801 5095 5441 5767 6072 6491 6786 7132 7488 7829 8171 8546 9057 9299 9685
34 320 402 487 818 1240 1695 1778 2060 2168 2504 2837 3440 3721 4123 4609 4887 5033 5233 5722 6105 6187 6617 6988 7118 7426 7558 7843 8067 8599 8993 9126 9473 9700 9934
31 321 638 1036 1095 1500 1670 1753 2223 2438 2582 2825 3065 3400 3827 4225 4502 4996 5377 5658 6022 6393 6662 7234 7807 8007 8588 8801 9091 9410 9709 9960
27 322 465 877 1387 1896 2033 2586 2800 3069 3257 3365 3815 4160 4442 5034 5362 5778 6149 6596 6923 7398 7824 8010 8352 8890 9192 9714
27 323 459 848 1286 1652 2030 2356 2751 3244 3516 3885 4241 4561 5093 5410 5662 5993 6293 6583 6990 7469 7703 8131 8340 8726 9342 9827
31 324 612 887 1203 1563 1879 2138 2423 2679 3057 3422 3736 4060 4317 4554 4877 5333 5635 6076 6643 6752 7279 7771 7981 8304 8611 8868 9213 9591 9778 9914
28 325 482 747 1107 1400 1443 1637 1858 2238 2461 2742 3397 3994 4368 4495 4785 5259 5651 6048 6461 6837 7224 7503 7815 8307 8872 9259 9697
31 326 494 759 1292 1716 2039 2601 2851 2970 3414 3741 4133 4506 4833 5118 5239 5505 6026 6424 6558 6718 7197 7401 7772 7979 8158 8527 8917 9138 9486 9887
27 327 362 691 1009 1505 1795 2001 2123 2300 2762 3139 3507 4226 4790 5155 5396 5608 5728 6082 6464 6822 7159 7508 7956 8643 9333 9844
31 328 545 705 960 1120 1391 1931 2075 2476 2578 2814 3178 3807 4178 4501 4648 4935 5248 5629 6133 6525 6956 7129 7598 8036 8167 8563 8994 9248 9615 9953
27 329 350 694 1043 1274 1407 2077 2443 2868 3394 3951 4564 5068 5313 5577 6112 6679 7036 7365 7681 8084 8648 8899 9108 9574 9710 9837
28 330 733 1065 1350 1601 1940 2230 2447 2692 2857 3363 3589 3788 4135 4441 4777 5125 5696 6320 6697 7206 7497 7859 8201 8464 8999 9251 9822
28 331 430 735 1131 1401 1722 1912 2347 2741 3073 3349 3655 4139 4779 5160 5416 5730 6041 6263 6449 6726 6962 7374 7854 8567 9030 9300 9922
27 332 600 1236 1760 2109 2336 2516 2987 3324 3484 3759 3966 4187 4434 4914 5357 5688 5997 6513 7285 7728 8078 8405 8892 9168 9487 9728
28 333 457 979 1301 1499 1877 2545 3024 3454 3671 4282 4508 4934 5549 6079 6299 6543 6698 7073 7340 7610 7919 8112 8409 9055 9247 9686 9899
31 334 361 765 913 1595 2105 2515 2909 3351 3723 4086 4446 5001 5293 5489 5647 5709 5847 5982 6473 6814 7027 7369 7770 8194 8297 8702 9014 9293 9414 9716
29 335 475 790 1278 1647 2007 2363 2686 3140 3520 4030 4264 4691 4879 5202 5440 5765 5922 6135 6699 7237 7743 7856 8114 8337 8827 8997 9411 9840
25 336 660 944 1227 1734 1983 2198 2661 3211 3488 3905 4311 4687 5186 5576 5873 6101 6412 6678 7221 7639 8124 8780 9118 9656
29 337 566 1011 1242 1539 1785 2119 2344 2560 2993 3539 3840 4259 4711 5082 5533 6285 6524 6702 7030 7377 7511 7885 8368 8657 9052 9372 9540 9981
27 338 648 841 1298 1726 2044 2534 2855 3045 3648 4031 4327 4888 5281 5579 5924 6337 6604 7041 7405 7605 8063 8190 8455 8677 9046 9519
29 339 373 753 995 1148 1335 1603 1851 2106 2538 3053 3444 3908 4298 4553 4880 5254 5661 5909 6279 6774 7138 7379 7865 8382 8737 8990 9374 9913
27 340 585 994 1322 1546 1656 1888 2170 2723 3125 3249 3474 3777 4334 4941 5496 6106 6789 6996 7331 7987 8248 8522 8873 9080 9152 9489
30 341 383 610 1053 1294 1533 2134 2452 2701 3097 3481 3781 4246 4471 4820 5344 5609 5803 6214 6714 7059 7358 7673 7991 8371 8583 8830 9113 9283 9659
28 342 635 857 1091 1250 1897 2195 2617 2899 3237 3713 4084 4268 4596 5079 5422 5878 6281 6593 6872 7484 7832 8018 8377 8693 8909 9246 9561
26 343 511 1068 1230 1575 2045 2337 2745 3051 3491 3756 3965 4151 4537 5178 5773 5991 6344 6510 7004 7424 7977 8365 8618 9018 9735
33 344 417 620 822 1084 1559 1913 2042 2217 2539 3011 3214 3455 3819 4129 4408 4721 5145 5470 5945 6351 6769 6970 7091 7346 7609 8177 8528 8823 9175 9424 9584 9945
24 345 671 992 1435 1899 2470 2856 3234 3860 4509 4663 5308 5585 5960 6201 6508 6792 7023 7480 7781 8237 8556 9054 9695
27 346 486 624 1338 1703 1994 2366 2766 3120 3533 3826 4106 4558 5013 5361 6043 6548 6852 7274 7481 7696 7909 8303 8781 9088 9428 9880
31 347 606 954 1565 2002 2359 2654 2923 3066 3625 4039 4344 4565 4752 5298 5701 5989 6368 6556 7243 7527 7698 7811 8025 8452 8736 8969 9231 9485 9575 9878
30 348 424 742 891 1313 1503 1850 2229 2350 2576 3137 3449 3744 4073 4397 4849 5169 5242 5712 5963 6338 7006 7611 7923 8390 8771 9009 9480 9702 9802
32 349 681 807 983 1393 1804 1999 2314 2678 2817 3415 3801 4070 4324 4398 4704 5004 5516 6171 6492 6954 7259 7613 8050 8439 8494 8746 8949 9277 9445 9679 9972
